0
0
0
0
0
0
0
0
0
0
0
0
0
0
0
0
0
0
0
0
0
0
0
0
1
1
1
1
1
1
1
1
1
2
2
2
2
2
2
3
4
4
4
3
3
3
4
3
4
4
4
4
5
5
6
6
7
8
9
10
11
11
12
12
14
14
16
15
15
14
14
14
14
14
14
16
17
17
18
19
19
18
19
19
20
20
21
22
23
23
24
23
24
25
25
25
25
26
27
27
27
27
28
29
30
29
28
28
27
27
27
26
27
28
28
29
30
31
32
34
35
36
36
36
36
37
37
38
40
40
39
40
39
40
39
40
41
42
42
42
43
44
45
45
46
48
49
50
50
50
49
48
49
49
51
51
52
52
53
53
54
54
54
55
55
55
55
55
55
54
55
56
56
56
56
56
55
56
56
56
58
58
59
60
61
62
64
65
64
64
63
64
65
66
65
66
66
67
68
70
70
70
71
71
71
71
71
71
71
73
73
73
73
73
73
73
73
73
73
73
73
74
74
72
72
73
72
72
73
74
74
75
77
78
78
79
80
80
79
79
81
80
81
81
81
83
84
86
88
87
87
87
87
87
86
88
87
88
88
86
86
86
86
88
88
87
87
87
87
88
90
90
90
91
93
94
94
94
94
94
95
96
96
96
97
97
98
99
99
99
99
99
100
101
102
102
102
102
103
104
104
104
104
105
106
106
107
108
108
109
109
109
110
111
110
110
109
110
110
111
112
113
114
114
114
114
114
115
115
116
117
117
119
121
121
122
123
124
122
122
123
125
126
127
127
127
127
127
128
129
130
129
129
129
130
130
130
130
130
130
131
132
131
131
132
132
133
134
135
135
136
136
138
139
139
140
140
139
139
139
139
140
140
141
142
142
142
142
141
140
142
143
144
144
145
146
146
145
146
145
