0
0
0
0
0
0
0
0
0
0
0
0
0
0
0
0
0
0
0
0
1
1
1
1
1
1
1
2
2
2
2
2
2
3
4
4
5
6
6
6
7
7
7
7
8
8
8
8
9
10
10
10
9
8
8
8
8
9
8
8
8
8
10
10
10
10
11
12
12
12
12
13
12
13
13
13
13
13
14
16
16
16
16
17
18
20
22
23
23
24
23
23
24
24
24
25
26
27
26
25
25
26
27
27
27
27
27
28
27
27
27
28
29
29
31
33
35
36
36
37
37
36
36
36
35
36
36
37
37
38
39
39
39
38
38
38
37
37
37
37
37
37
38
38
38
39
39
38
39
40
41
41
42
42
43
44
45
46
46
47
47
47
49
49
50
50
50
51
52
53
52
51
51
52
53
53
54
55
55
55
55
56
56
57
57
57
57
58
59
59
59
61
62
63
62
63
63
63
62
63
64
63
64
65
66
66
68
69
69
70
70
72
73
72
74
75
75
75
76
77
77
78
78
79
79
80
80
80
81
81
81
82
81
82
83
84
84
84
84
84
84
84
84
83
82
82
83
83
84
84
84
83
83
83
83
84
83
83
85
86
87
87
88
89
90
91
92
92
92
92
92
92
92
92
93
92
92
93
95
95
95
95
96
96
96
98
98
98
99
97
97
99
98
98
98
98
98
98
98
98
100
100
101
102
102
102
102
103
103
104
105
106
106
106
107
107
107
107
108
108
110
109
109
110
111
111
111
113
113
114
115
117
116
116
116
117
117
118
118
118
118
118
117
118
119
119
118
119
120
122
122
121
121
123
124
124
126
126
126
126
127
128
129
129
129
129
130
130
131
132
133
134
133
134
134
135
135
135
136
136
135
136
136
137
137
137
138
138
139
140
141
141
141
141
141
142
142
144
145
146
146
146
146
145
145
145
145
145
144
144
144
145
145
145
145
145
146
146
147
147
147
148
149
149
151
152
153
153
155
156
157
157
157
156
157
157
157
159
159
158
158
158
160
159
158
160
160
160
161
160
161
162
163
163
163
164
164
166
167
167
167
166
166
167
167
166
167
167
168
170
170
171
171
172
173
174
174
174
175
177
177
177
178
179
180
180
181
181
182
182
182
184
184
184
184
184
185
185
187
187
188
188
188
188
189
191
191
191
191
192
192
191
191
191
193
192
193
194
195
195
195
195
196
196
196
196
196
196
195
196
196
196
196
196
196
196
198
198
197
198
198
200
202
202
202
202
202
202
203
204
203
204
206
207
206
206
206
207
206
207
208
209
210
211
211
213
214
212
213
213
214
214
214
214
215
216
216
214
215
216
217
216
218
218
218
217
217
218
217
218
217
218
219
219
220
220
222
224
225
226
227
227
229
230
230
231
232
231
233
234
236
236
237
238
239
240
241
240
240
239
237
237
239
239
240
241
242
242
242
243
242
241
241
240
241
242
242
242
242
243
243
243
244
245
246
246
248
248
249
249
248
248
248
248
248
248
249
250
248
248
248
250
251
251
252
253
253
253
254
255
255
255
255
256
257
256
256
257
257
257
258
258
258
258
258
258
259
260
260
260
260
260
260
261
261
262
263
263
263
263
263
264
264
263
263
264
265
266
267
267
268
270
271
272
272
272
272
274
272
272
272
273
273
273
274
276
275
276
277
278
279
280
280
281
282
282
283
283
283
283
284
284
284
284
285
284
286
285
285
284
284
283
285
286
286
286
286
286
286
285
285
286
286
286
286
287
288
288
289
289
290
291
291
291
292
293
294
295
295
296
297
297
298
298
298
299
300
300
301
302
302
302
303
303
304
304
305
305
304
304
305
304
304
305
306
306
307
307
306
307
307
307
306
306
305
306
306
308
308
309
309
309
310
311
313
314
315
315
316
317
318
318
318
317
319
320
320
321
322
323
324
324
324
323
323
323
325
325
327
328
327
328
329
330
330
331
331
332
333
333
334
334
336
337
338
339
339
341
342
342
343
343
343
343
344
344
345
347
347
348
348
348
347
348
348
347
348
348
349
350
351
352
353
353
353
353
353
353
352
352
353
353
354
354
355
355
355
356
357
357
356
357
356
357
358
359
359
359
360
359
359
359
359
359
360
360
361
362
362
362
362
364
364
364
365
364
365
366
368
370
371
370
370
371
372
372
372
372
372
374
375
375
377
377
377
376
376
376
376
377
378
379
380
381
382
383
383
383
383
383
384
384
386
386
386
387
388
388
388
388
390
392
393
392
392
392
392
392
393
393
394
395
395
393
393
392
393
393
394
395
