0
0
0
0
0
0
0
0
0
0
0
0
0
0
0
0
0
0
0
0
0
0
0
1
1
2
2
2
2
2
2
2
2
2
2
2
2
2
3
4
4
5
5
5
5
5
5
4
4
4
4
4
4
5
6
7
7
7
7
8
9
10
11
12
13
13
13
13
14
15
15
16
18
19
20
21
21
21
21
20
20
19
19
20
20
21
22
23
23
23
23
23
24
25
25
26
25
25
26
27
26
26
27
27
28
27
28
29
29
29
30
31
32
33
33
34
35
35
37
37
37
38
39
39
39
39
40
41
40
41
40
41
40
39
40
40
41
41
42
43
44
44
44
44
44
44
44
45
44
44
45
46
47
47
47
47
48
48
50
50
51
52
53
53
54
55
55
56
56
58
59
59
59
60
58
59
59
59
59
59
59
60
61
60
59
60
60
61
60
60
62
62
62
62
63
63
64
64
66
65
65
66
67
67
67
67
67
67
68
69
71
70
70
71
71
72
73
73
73
74
75
75
74
74
74
74
76
78
78
80
80
79
79
80
80
80
80
80
80
79
79
80
80
80
81
83
83
84
85
86
87
88
89
89
90
90
91
91
92
92
92
92
93
94
95
96
96
97
95
97
95
95
96
97
98
97
97
98
98
99
98
98
99
99
100
101
102
102
102
102
102
103
104
105
106
107
107
109
110
110
111
111
111
113
113
113
111
111
111
110
110
109
109
110
110
111
111
111
112
114
114
114
114
115
116
117
118
119
119
120
120
121
121
121
121
120
120
121
122
123
124
126
127
128
127
128
128
129
129
131
131
130
129
129
129
130
131
131
132
132
132
132
131
130
129
130
132
133
133
134
134
134
134
135
135
134
135
135
135
136
138
140
141
141
141
142
142
143
143
143
144
144
144
145
147
148
149
150
151
151
151
150
151
152
152
154
155
157
157
158
158
159
159
159
160
160
160
161
161
161
161
161
161
161
160
160
160
161
162
163
163
163
165
165
165
164
165
165
165
165
166
166
167
167
167
167
167
168
168
167
167
167
168
169
170
171
172
172
174
175
176
176
177
177
178
178
179
180
181
182
182
182
183
182
183
183
184
184
184
184
184
183
184
184
184
183
183
184
185
185
185
185
184
185
185
184
186
187
189
190
191
193
192
192
193
193
193
193
192
193
194
194
194
195
195
195
194
194
194
194
194
193
192
193
193
194
192
193
193
194
195
195
195
195
195
196
196
196
197
197
199
200
200
200
200
200
201
201
201
200
200
199
199
199
200
201
201
200
200
201
201
201
201
201
202
202
202
203
203
202
202
202
202
203
203
204
203
204
204
204
204
203
203
204
204
205
205
205
205
207
207
208
208
208
208
208
208
207
208
208
209
209
210
210
209
209
209
211
212
212
211
211
211
213
214
214
213
213
213
214
214
215
217
217
217
219
218
219
220
221
220
220
220
219
220
220
220
218
218
219
220
221
221
222
222
222
223
224
224
224
224
225
226
228
228
229
229
230
230
230
231
232
233
233
234
233
233
233
234
235
237
238
239
241
241
241
241
241
240
240
241
242
243
244
244
245
246
245
245
245
246
246
246
247
248
249
249
250
251
250
251
251
250
251
251
251
251
251
252
253
253
254
255
254
255
257
258
258
259
259
260
259
260
260
260
260
261
260
261
262
263
263
263
264
265
266
266
266
266
265
266
267
266
266
266
264
264
263
263
262
263
264
264
263
264
264
265
264
264
265
266
268
268
268
269
269
270
271
271
272
273
271
271
271
271
271
272
272
273
274
274
275
277
278
278
278
278
279
279
279
281
281
280
281
281
282
282
283
283
283
284
285
286
288
289
289
289
289
289
290
290
290
289
288
289
289
289
290
290
290
289
289
289
289
290
290
289
289
290
290
290
289
289
288
289
289
290
289
288
288
289
290
290
291
292
293
294
295
295
295
295
295
295
295
294
295
295
294
296
297
299
299
299
300
300
301
302
303
303
304
304
305
306
307
307
307
308
308
307
308
308
307
308
309
308
308
309
307
307
308
309
309
310
311
310
310
312
311
312
313
314
314
316
317
317
316
317
317
318
318
318
318
319
320
319
320
322
322
322
323
323
324
325
325
327
327
329
329
329
330
331
331
331
331
332
333
333
333
333
334
334
333
334
333
334
335
335
336
336
336
336
336
335
336
337
337
336
336
337
336
337
338
340
340
341
342
343
343
344
345
347
347
348
348
349
349
348
348
348
349
350
351
352
353
353
352
353
353
353
354
354
354
353
354
354
354
354
355
355
355
356
356
357
355
355
355
356
356
356
356
356
357
358
358
357
357
357
357
357
358
358
358
358
358
358
357
357
357
358
359
360
360
359
360
361
361
362
362
363
363
363
364
364
364
364
363
364
364
363
364
364
364
365
366
367
368
370
369
370
371
371
372
372
374
374
376
375
376
377
376
376
376
376
376
376
377
377
375
374
375
376
377
377
379
378
379
380
381
380
381
381
382
380
380
382
383
384
384
383
384
384
385
385
385
385
385
384
386
388
389
390
391
391
392
393
393
393
393
395
395
397
398
400
399
400
400
401
401
401
402
403
404
404
403
404
404
404
404
405
405
406
406
406
407
408
409
411
412
414
413
413
412
413
414
416
416
416
417
417
417
418
419
420
418
419
419
419
419
418
418
418
419
420
421
421
421
423
424
424
424
424
424
425
425
425
426
426
426
426
425
424
425
426
426
427
427
427
426
426
427
427
427
428
429
429
430
429
429
428
430
430
430
430
430
431
432
432
433
433
433
434
434
435
436
436
438
439
438
439
439
439
439
439
439
440
441
442
442
442
442
443
444
444
445
445
446
447
447
448
449
449
449
450
450
450
451
451
451
451
451
451
451
452
453
454
455
455
456
457
458
458
459
458
457
458
457
457
457
456
456
457
457
458
459
460
461
461
461
461
461
462
463
464
464
466
466
466
466
467
467
469
469
470
472
472
472
473
474
475
474
476
475
477
477
478
478
478
478
479
478
478
479
479
479
478
478
479
480
480
481
480
481
481
482
483
483
483
484
485
486
487
487
487
487
488
488
488
488
488
487
487
487
488
489
489
488
488
489
490
490
491
490
490
490
491
492
492
493
493
493
494
495
495
494
494
496
496
496
497
498
498
498
499
500
501
500
499
499
500
501
501
501
501
502
502
503
504
504
503
504
504
504
505
506
507
507
509
509
508
508
510
510
510
512
513
514
514
514
514
514
514
515
516
517
517
518
519
520
520
520
522
523
523
523
523
524
523
524
524
524
524
524
525
525
525
526
527
528
529
529
530
531
532
533
533
533
535
535
535
535
534
534
535
536
536
536
537
539
540
539
539
539
539
541
541
541
542
542
543
544
544
544
545
545
545
545
546
547
547
548
547
549
550
550
549
549
549
550
550
550
549
550
550
550
550
551
551
551
552
552
552
552
553
555
555
554
554
554
554
554
555
556
556
557
558
558
558
559
560
560
561
562
562
564
565
564
565
566
567
568
569
570
571
572
573
574
576
576
577
578
580
580
580
581
582
581
582
582
583
584
585
586
586
587
588
588
588
588
588
589
589
589
588
587
587
587
587
588
588
588
588
588
589
590
591
591
591
592
592
593
593
594
595
596
597
598
598
598
596
596
598
599
599
599
599
600
599
600
600
599
601
601
600
600
600
601
601
602
603
602
601
601
601
602
604
604
606
606
607
607
607
608
608
608
610
610
611
611
611
612
612
613
612
612
612
613
613
614
614
614
615
615
616
617
616
616
617
618
618
617
617
618
618
617
617
616
617
617
617
618
618
618
619
621
622
622
623
624
625
626
626
626
626
627
627
628
628
629
631
632
633
634
635
636
636
635
635
635
637
637
637
638
638
638
638
637
636
637
636
637
638
638
640
640
640
641
640
639
639
639
639
638
639
639
639
641
641
640
641
641
641
641
642
642
643
643
643
643
643
642
642
641
641
643
644
645
644
642
642
643
644
645
646
646
648
648
648
648
649
650
651
652
653
653
654
655
656
656
656
657
656
657
657
658
658
659
659
659
660
660
661
661
663
663
663
663
664
665
664
664
665
665
666
666
666
666
666
667
668
668
668
668
668
668
669
669
670
669
669
669
670
671
672
672
673
674
674
674
674
673
673
674
674
674
674
675
675
676
675
677
677
678
678
678
679
679
680
681
682
683
684
682
683
683
685
684
685
685
685
684
683
683
683
684
685
686
688
687
687
687
687
687
688
688
689
689
688
688
689
690
690
688
690
691
692
692
693
693
693
694
695
696
697
697
697
697
698
698
698
698
699
700
701
702
704
704
706
708
709
709
710
712
711
711
711
711
711
711
712
714
713
712
713
713
714
715
715
715
715
716
715
715
715
715
716
717
717
717
719
719
719
720
721
722
723
724
723
724
723
724
726
726
727
727
728
729
730
731
732
732
732
732
733
733
734
735
733
733
734
734
734
734
734
735
734
733
734
734
734
734
735
735
735
736
736
736
737
737
737
739
739
739
741
741
741
743
744
745
745
745
744
744
744
744
744
745
746
747
747
746
746
746
746
747
748
750
751
751
751
751
749
749
751
751
751
752
753
754
754
753
755
755
756
758
758
759
760
761
762
762
762
762
763
763
764
764
763
763
764
762
764
764
764
764
765
765
765
766
766
766
767
767
767
767
768
770
770
771
771
771
772
774
775
776
777
778
779
779
778
777
778
778
778
778
779
779
779
779
781
782
783
784
783
782
782
783
783
782
783
784
785
786
786
787
785
785
785
786
786
786
787
788
788
788
789
788
789
790
789
790
791
792
793
792
792
791
792
793
793
795
795
795
796
796
797
798
798
799
799
799
800
800
800
801
801
802
801
801
802
803
804
804
805
806
806
806
807
806
807
807
807
806
806
806
806
806
806
807
808
808
810
810
810
810
810
810
810
811
811
811
810
810
811
812
812
814
815
815
815
816
817
817
818
818
818
818
819
819
818
818
820
821
821
821
821
821
823
824
823
823
822
823
822
823
824
826
826
825
827
827
828
828
829
829
830
829
829
830
829
831
832
833
833
833
833
834
834
835
836
836
837
837
837
837
838
839
841
842
843
844
845
845
846
845
847
847
847
848
848
848
849
850
850
851
850
850
849
849
847
847
848
849
850
852
850
851
852
852
852
852
853
852
852
853
854
854
854
854
854
854
855
855
855
856
856
857
857
858
859
859
859
860
860
859
859
859
859
859
860
860
860
860
860
860
860
860
860
861
861
861
861
861
861
863
863
863
863
863
861
862
863
863
864
865
863
863
864
864
864
865
865
866
867
868
868
869
870
870
868
869
869
869
870
870
871
871
871
871
872
874
874
875
875
873
873
873
875
875
875
874
875
875
876
876
876
877
877
878
878
879
879
880
881
881
880
880
880
880
881
883
884
885
885
886
887
888
888
888
889
890
891
892
891
891
892
892
891
891
891
891
893
894
896
896
896
897
897
897
897
898
900
900
900
900
899
901
902
902
902
902
903
903
903
904
904
905
906
907
908
909
909
909
910
909
910
910
910
910
911
911
911
913
913
914
914
915
917
918
920
921
921
921
921
922
922
922
923
923
924
925
926
927
929
928
928
928
929
930
930
930
930
931
931
932
933
935
936
936
937
937
936
936
937
937
935
935
935
936
936
936
937
938
939
940
940
940
940
941
941
942
943
945
945
945
945
946
948
948
949
950
948
949
949
950
950
950
951
951
951
951
952
953
954
954
955
955
955
956
956
957
955
956
957
957
957
957
957
957
956
956
957
957
957
957
957
958
959
960
961
961
963
964
964
965
967
967
967
965
966
966
966
966
968
968
970
970
970
970
970
970
970
971
971
973
973
974
974
974
974
975
975
976
975
975
975
976
976
976
976
977
976
976
976
977
977
977
976
976
977
977
977
978
979
979
980
980
982
983
984
985
985
985
985
986
987
989
989
989
989
989
990
990
990
991
992
993
993
991
992
993
993
994
994
996
998
999
1001
1002
1003
1004
1004
1004
1005
1006
1007
1006
1006
1006
1005
1005
1006
1006
1006
1007
1008
1008
1008
1009
1011
1011
1011
1012
1013
1014
1014
1015
1015
1016
1015
1016
1017
1017
1017
1017
1016
1016
1017
1017
1017
1018
1018
1018
1019
1020
1021
1023
1023
1023
1024
1024
1025
1025
1027
1028
1029
1030
1030
1031
1031
1032
1032
1033
1033
1034
1032
1033
1034
1036
1036
1037
1038
1039
1040
1041
1041
1042
1042
1042
1042
1042
1042
1043
1044
1044
1046
1044
1043
1045
1046
1046
1046
1048
1049
1050
1050
1050
1050
1051
1051
1051
1053
1054
1054
1055
1054
1055
1055
1055
1056
1057
1059
1059
1059
1059
1059
1059
1058
1059
1060
1060
1061
1061
1062
1063
1062
1060
1062
1062
1062
1063
1062
1062
1062
1063
1064
1065
1064
1064
1065
1065
1066
1066
1066
1066
1068
1068
1067
1068
1069
1069
1069
1069
1069
1068
1069
1070
1070
1071
1072
1073
1075
1076
1076
1077
1079
1078
1079
1081
1082
1081
1081
1082
1084
1084
1084
1085
1086
1086
1087
1087
1087
1086
1087
1086
1086
1084
1084
1085
1084
1085
1085
1087
1089
1090
1090
1090
1091
1092
1092
1092
1093
1093
1094
1093
1093
1092
1092
1092
1092
1092
1092
1091
1091
1092
1092
1092
1092
1092
1092
1094
1094
1094
1094
1095
1095
1095
1095
1096
1097
1097
1097
1098
1098
1099
1099
1100
1100
1101
1101
1101
1101
1101
1102
1102
1103
1104
1102
1103
1104
1104
1104
1104
1106
1108
1108
1107
1107
1107
1107
1107
1109
1109
1110
1110
1111
1111
1109
1110
1110
1110
1110
1110
1110
1110
1111
1111
1111
1111
1112
1112
1113
1114
1115
1115
1116
1115
1116
1116
1117
1118
1118
1118
1118
1117
1117
1118
1118
1117
1117
1118
1118
1119
1120
1121
1122
1122
1121
1122
1124
1124
1125
1125
1126
1127
1128
1128
1128
1130
1132
1132
1132
1133
1133
1132
1132
1133
1133
1133
1134
1136
1137
1136
1137
1138
1139
1140
1140
1141
1140
1142
1143
1145
1146
1146
1146
1145
1145
1146
1144
1146
1146
1148
1150
1152
1152
1152
1152
1152
1153
1154
1152
1152
1153
1154
1155
1155
1155
1155
1155
1155
1155
1154
1153
1155
1156
1156
1157
1157
1157
1157
1159
1160
1160
1161
1161
1162
1163
1164
1164
1165
1166
1165
1164
1165
1166
1166
1167
1168
1169
1171
1172
1171
1173
1175
1176
1176
1176
1177
1179
1179
1181
1181
1181
1181
1181
1180
1180
1180
1180
1180
1180
1181
1181
1182
1182
1182
1183
1185
1187
1187
1188
1187
1187
1187
1187
1187
1187
1187
1187
1187
1188
1190
1190
1189
1190
1190
1190
1190
1191
1192
1194
1194
1194
1194
1195
1195
1195
1197
1198
1198
1198
1198
1199
1199
1199
1200
1200
1201
1203
1201
1203
1203
1203
1203
1204
1203
1205
1206
1206
1206
1205
1205
1205
1206
1207
1208
1208
1208
1208
1209
1210
1212
1212
1213
1213
1214
1214
1214
1215
1216
1216
1216
1215
1216
1216
1216
1216
1218
1218
1219
1219
1219
1220
1220
1220
1220
1221
1222
1222
1223
1224
1226
1226
1226
1226
1226
1226
1226
1228
1228
1228
1229
1230
1231
1232
1233
1233
1233
1232
1233
1233
1234
1234
1234
1235
1236
1237
1239
1239
1238
1238
1238
1238
1237
1238
1238
1239
1240
1239
1239
1239
1239
1239
1239
1239
1239
1240
1242
1242
1242
1243
1243
1245
1245
1247
1247
1247
1246
1245
1245
1245
1246
1247
1249
1248
1249
1247
1248
1248
1249
1249
1249
1250
1250
1250
1250
1251
1251
1252
1252
1253
1254
1254
1255
1255
1256
1255
1256
1256
1256
1256
1256
1255
1257
1258
1258
1258
1259
1258
1258
1257
1258
1260
1261
1261
1261
1263
1264
1263
1263
1264
1264
1265
1266
1266
1267
1267
1267
1268
1268
1268
1268
1270
1270
1271
1273
1274
1275
1274
1276
1277
1277
1278
1278
1278
1279
1280
1281
1283
1282
1281
1281
1282
1283
1284
1286
1286
1286
1287
1287
1287
1289
1289
1290
1290
1291
1291
1292
1293
1294
1294
1295
1293
1294
1294
1295
1296
1297
1299
1300
1300
1300
1301
1301
1301
1300
1299
1300
1300
1302
1303
1304
1304
1306
1304
1304
1305
1305
1306
1306
1307
1307
1309
1310
1311
1311
1311
1312
1314
1314
1316
1315
1315
1315
1315
1316
1317
1317
1316
1316
1316
1317
1318
1318
1320
1321
1322
1322
1322
1322
1322
1322
1323
1323
1322
1322
1323
1324
1325
1325
1326
1327
1328
1327
1328
1328
1328
1328
1328
1329
1329
1329
1331
1333
1332
1332
1334
1335
1336
1336
1336
1335
1335
1335
1337
1337
1338
1339
1338
1337
1338
1338
1339
1341
1341
1342
1342
1344
1344
1344
1346
1347
1348
1349
1347
1347
1347
1347
1347
1346
1346
1346
1346
1347
1348
1348
1348
1350
1351
1350
1351
1352
1352
1352
1352
1351
1352
1353
1354
1355
1356
1357
1359
1359
1361
1363
1363
1364
1365
1365
1365
1366
1366
1367
1369
1369
1369
1370
1371
1371
1371
1371
1371
1372
1372
1373
1373
1372
1373
1374
1374
1374
1374
1375
1375
1376
1375
1375
1375
1375
1374
1375
1375
1376
1377
1378
1378
1379
1380
1380
1381
1381
1383
1383
1382
1383
1383
1383
1385
1386
1386
1387
1388
1389
1388
1388
1390
1391
1391
1393
1393
1393
1395
1397
1398
1397
1398
1397
1398
1398
1397
1397
1396
1397
1398
1397
1398
1399
1399
1400
1401
1401
1401
1402
1403
1403
1402
1402
1402
1403
1403
1404
1404
1403
1404
1405
1404
1404
1405
1405
1405
1405
1405
1406
1407
1407
1407
1408
1406
1407
1408
1409
1411
1411
1409
1410
1410
1409
1410
1410
1410
1410
1410
1411
1412
1412
1413
1413
1412
1412
1413
1414
1414
1414
1413
1414
1413
1413
1415
1416
1416
1417
1417
1418
1418
1419
1419
1419
1419
1420
1421
1422
1422
1423
1424
1425
1425
1426
1426
1426
1428
1427
1428
1429
1429
1431
1432
1433
1435
1436
1437
1438
1438
1438
1438
1439
1440
1440
1442
1442
1440
1439
1438
1439
1440
1440
1440
1440
1441
1442
1440
1440
1442
1443
1444
1444
1444
1444
1445
1443
1443
1443
1443
1445
1445
1445
1445
1444
1445
1447
1449
1450
1452
1452
1452
1453
1452
1453
1453
1454
1454
1454
1454
1454
1455
1455
1454
1455
1456
1458
1457
1457
1458
1457
1458
1457
1459
1460
1461
1462
1462
1462
1462
1462
1463
1463
1464
1465
1464
1464
1464
1465
1464
1465
1465
1466
1466
1466
1468
1469
1468
1468
1468
1469
1470
1471
1471
1472
1473
1473
1472
1471
1472
1471
1470
1470
1470
1471
1471
1471
1470
1471
1470
1470
1471
1471
1471
1470
1471
1470
1470
1470
1471
1472
1473
1473
1472
1474
1475
1474
1474
1474
1476
1477
1479
1479
1479
1479
1478
1477
1477
1476
1476
1477
1478
1479
1480
1480
1481
1482
1483
1484
1484
1484
1484
1484
1484
1483
1484
1483
1483
1485
1486
1487
1489
1489
1490
1489
1491
1491
1491
1491
1492
1492
1493
1493
1494
1495
1496
1496
1495
1496
1496
1496
1496
1497
1497
1498
1499
1500
1500
1500
1499
1499
1499
1499
1500
1501
1501
1502
1503
1503
1502
1502
1501
1502
1503
1503
1503
1503
1503
1503
1503
1503
1504
1504
1505
1506
1506
1506
1507
1507
1508
1508
1508
1509
1509
1510
1511
1512
1513
1514
1515
1515
1515
1515
1516
1516
1516
1516
1517
1517
1517
1518
1519
1520
1519
1520
1520
1520
1520
1520
1520
1522
1522
1522
1523
1523
1523
1523
1523
1525
1526
1526
1527
1528
1530
1530
1530
1530
1530
1530
1532
1533
1534
1535
1536
1536
1537
1537
1538
1539
1539
1540
1541
1542
1543
1544
1543
1541
1542
1543
1542
1543
1544
1545
1545
1547
1548
1549
1550
1549
1550
1550
1550
1550
1550
1548
1549
1549
1550
1552
1554
1555
1555
1555
1555
1555
1554
1554
1553
1555
1557
1558
1559
1560
1559
1559
1559
1560
1561
1560
1560
1560
1560
1562
1562
1563
1563
1564
1563
1563
1563
1562
1563
1563
1564
1565
1565
1566
1565
1565
1565
1567
1567
1567
1567
1567
1566
1566
1567
1569
1568
1568
1570
1570
1571
1573
1573
1573
1572
1573
1573
1574
1574
1575
1573
1575
1575
1576
1576
1575
1576
1576
1578
1579
1581
1582
1583
1584
1584
1583
1583
1583
1582
1584
1584
1584
1585
1585
1587
1588
1590
1590
1591
1592
1591
1591
1592
1591
1592
1593
1594
1594
1595
1596
1596
1597
1597
1599
1599
1599
1599
1600
1601
1602
1603
1603
1603
1603
1604
1605
1605
1606
1607
1607
1608
1610
1610
1611
1611
1609
1609
1609
1611
1613
1613
1612
1612
1613
1613
1614
1615
1617
1617
1615
1616
1616
1617
1618
1618
1618
1620
1620
1620
1620
1620
1620
1620
1621
1622
1623
1622
1623
1623
1622
1622
1622
1621
1621
1621
1622
1622
1622
1621
1622
1622
1622
1623
1623
1624
1626
1626
1627
1627
1628
1629
1630
1630
1631
1633
1635
1636
1636
1636
1637
1638
1639
1639
1639
1639
1640
1640
1640
1641
1640
1640
1641
1641
1642
1643
1642
1642
1642
1643
1643
1644
1644
1644
1645
1645
1645
1645
1647
1646
1646
1646
1646
1646
1647
1646
1646
1647
1647
1647
1648
1648
1649
1651
1651
1651
1651
1650
1651
1651
1652
1652
1652
1652
1653
1654
1654
1655
1655
1656
1657
1657
1657
1657
1658
1659
1659
1660
1660
1660
1660
1660
1662
1663
1664
1665
1666
1667
1668
1667
1667
1667
1667
1666
1667
1668
1668
1669
1670
1670
1670
1671
1672
1673
1674
1675
1674
1675
1676
1676
1677
1678
1678
1678
1678
1680
1681
1682
1683
1683
1684
1685
1687
1688
1688
1688
1689
1689
1690
1690
1688
1689
1689
1688
1688
1688
1689
1688
1688
1688
1688
1689
1690
1691
1690
1690
1690
1692
1693
1694
1695
1694
1694
1695
1695
1694
1696
1697
1698
1699
1700
1701
1701
1701
1701
1701
1703
1703
1704
1705
1705
1705
1706
1706
1706
1706
1707
1708
1709
1709
1708
1708
1709
1710
1710
1710
1710
1710
1709
1710
1710
1710
1711
1711
1711
1711
1713
1714
1715
1715
1715
1716
1716
1716
1717
1717
1716
1716
1716
1717
1717
1717
1717
1717
1717
1716
1716
1717
1717
1718
1718
1718
1718
1718
1720
1721
1721
1722
1722
1722
1722
1722
1724
1724
1725
1724
1725
1725
1725
1726
1726
1726
1727
1729
1731
1732
1733
1733
1731
1733
1733
1733
1731
1732
1733
1733
1734
1735
1736
1737
1738
1738
1738
1738
1740
1740
1741
1740
1740
1739
1740
1741
1740
1741
1741
1740
1740
1741
1741
1742
1743
1743
1744
1746
1747
1749
1749
1748
1747
1747
1749
1749
1750
1750
1751
1750
1752
1752
1753
1753
1752
1753
1752
1753
1754
1755
1756
1755
1755
1755
1756
1756
1756
1756
1756
1756
1758
1757
1759
1760
1760
1760
1760
1761
1759
1759
1759
1758
1758
1758
1757
1757
1756
1755
1755
1757
1757
1757
1758
1760
1761
1762
1762
1763
1763
1764
1765
1767
1768
1769
1769
1768
1768
1770
1770
1772
1773
1774
1776
1775
1775
1776
1775
1776
1776
1776
1778
1779
1780
1781
1781
1780
1781
1782
1781
1782
1783
1783
1781
1782
1784
1786
1787
1788
1788
1789
1789
1789
1788
1788
1789
1790
1790
1790
1791
1791
1790
1791
1793
1794
1795
1796
1797
1798
1800
1801
1800
1800
1801
1801
1802
1802
1803
1804
1805
1804
1802
1801
1800
1800
1800
1802
1804
1804
1805
1805
1806
1806
1805
1806
1806
1807
1809
1811
1812
1812
1812
1812
1812
1812
1813
1814
1815
1815
1816
1817
1818
1818
1819
1820
1821
1823
1822
1823
1824
1824
1825
1825
1824
1825
1824
1825
1824
1824
1826
1826
1828
1829
1829
1830
1830
1830
1830
1831
1830
1831
1832
1832
1833
1834
1834
1833
1835
1836
1836
1837
1837
1838
1837
1837
1837
1837
1836
1837
1837
1839
1840
1841
1840
1840
1840
1839
1840
1840
1841
1843
1843
1844
1844
1844
1846
1847
1847
1849
1849
1849
1851
1851
1852
1852
1852
1852
1852
1853
1854
1856
1856
1855
1855
1855
1856
1857
1858
1858
1858
1858
1860
1860
1861
1860
1860
1862
1862
1863
1863
1864
1865
1864
1864
1865
1867
1867
1867
1867
1867
1865
1867
1869
1869
1870
1872
1873
1874
1875
1876
1876
1875
1875
1875
1876
1877
1877
1878
1878
1879
1880
1880
1882
1883
1881
1881
1881
1881
1881
1881
1882
1884
1884
1883
1884
1883
1884
1885
1886
1885
1886
1887
1888
1889
1889
1889
1889
1890
1891
1891
1892
1893
1894
1895
1895
1893
1894
1894
1895
1895
1895
1896
1895
1896
1896
1897
1897
1897
1897
1898
1900
1899
1900
1900
1901
1902
1904
1906
1907
1908
1909
1910
1911
1911
1911
1912
1912
1912
1911
1911
1911
1912
1914
1915
1915
1914
1914
1916
1915
1916
1916
1917
1917
1918
1918
1918
1920
1920
1919
1919
1919
1920
1919
1920
1922
1924
1924
1924
1924
1924
1924
1924
1925
1926
1925
1926
1926
1926
1927
1928
1928
1928
1928
1929
1930
1930
1929
1930
1931
1931
1933
1933
1934
1935
1936
1937
1938
1939
1939
1937
1938
1939
1940
1941
1942
1943
1942
1944
1944
1945
1946
1947
1949
1949
1950
1951
1951
1951
1951
1952
1952
1953
1954
1955
1955
1956
1957
1957
1957
1957
1957
1957
1957
1957
1958
1958
1959
1959
1959
1959
1961
1961
1962
1963
1964
1966
1967
1968
1968
1968
1969
1970
1970
1970
1971
1971
1972
1973
1972
1971
1971
1971
1972
1973
1974
1974
1974
1975
1975
1977
1978
1979
1979
1978
1978
1979
1979
1978
1978
1979
1978
1978
1979
1978
1978
1977
1978
1979
1979
1979
1979
1979
1978
1978
1977
1977
1978
1979
1980
1981
1980
1982
1982
1982
1982
1983
1982
1982
1981
1981
1982
1983
1983
1983
1983
1983
1982
1983
1983
1983
1983
1983
1983
1984
1984
1984
1984
1984
1985
1986
1984
1984
1984
1984
1985
1985
1986
1987
1988
1989
1990
1991
1990
1992
1991
1992
1992
1992
1991
1993
1994
1994
1995
1996
1998
1998
1996
1997
1998
1999
1999
2000
2001
2001
2001
2002
2002
2002
2003
2002
2004
2004
2005
2006
2006
2007
2007
2008
2009
2009
2010
2010
2010
2012
2012
2012
2012
2013
2013
2014
2015
2016
2016
2016
2015
2015
2015
2015
2013
2014
2015
2015
2016
2017
2016
2016
2016
2014
2014
2016
2016
2016
2017
2018
2017
2018
2019
2019
2020
2020
2022
2023
2023
2022
2024
2023
2023
2024
2024
2024
2025
2026
2027
2027
2026
2026
2028
2029
2031
2031
2030
2030
2031
2031
2032
2034
2034
2034
2034
2034
2034
2034
2036
2036
2036
2036
2036
2037
2037
2037
2039
2039
2041
2042
2043
2042
2042
2043
2043
2043
2045
2045
2045
2045
2046
2048
2049
2049
2050
2050
2049
2051
2052
2053
2053
2054
2054
2054
2055
2055
2056
2055
2056
2056
2056
2056
2055
2054
2056
2056
2057
2056
2055
2057
2057
2058
2058
2059
2060
2060
2061
2061
2062
2063
2063
2065
2064
2064
2066
2065
2066
2066
2067
2068
2069
2069
2069
2070
2071
2072
2071
2071
2071
2072
2071
2071
2072
2072
2072
2073
2074
2075
2076
2077
2078
2079
2078
2079
2080
2081
2080
2080
2080
2080
2079
2079
2080
2080
2081
2082
2083
2085
2086
2084
2084
2085
2086
2087
2087
2088
2087
2087
2088
2088
2089
2089
2091
2092
2092
2092
2092
2093
2092
2093
2093
2094
2095
2094
2094
2094
2095
2096
2096
2096
2097
2097
2099
2100
2101
2102
2103
2103
2104
2105
2105
2105
2105
2105
2106
2108
2108
2109
2109
2108
2108
2108
2107
2106
2104
2105
2106
2106
2104
2103
2103
2104
2106
2106
2106
2106
2107
2107
2106
2106
2106
2107
2107
2108
2108
2109
2110
2111
2112
2113
2113
2113
2113
2113
2112
2113
2114
2114
2115
2114
2114
2115
2115
2116
2117
2118
2118
2118
2118
2118
2119
2118
2119
2119
2120
2121
2121
2120
2121
2123
2123
2125
2126
2125
2125
2126
2127
2128
2129
2129
2130
2130
2130
2129
2131
2132
2132
2132
2133
2134
2135
2136
2137
2138
2138
2138
2138
2137
2138
2139
2139
2140
2140
2142
2142
2142
2142
2143
2143
2143
2143
2143
2142
2143
2144
2145
2146
2146
2147
2147
2147
2147
2147
2147
2146
2146
2146
2146
2147
2146
2148
2149
2149
2150
2150
2150
2150
2150
2150
2150
2150
2151
2152
2151
2152
2152
2153
2154
2154
2153
2154
2154
2154
2155
2156
2156
2157
2158
2158
2158
2157
2156
2158
2159
2159
2159
2159
2161
2162
2162
2161
2161
2163
2163
2164
2164
2165
2166
2166
2167
2168
2167
2166
2167
2166
2166
2164
2164
2165
2165
2165
2167
2167
2166
2166
2167
2168
2169
2170
2169
2170
2169
2170
2170
2170
2171
2172
2172
2173
2173
2173
2174
2175
2176
2176
2177
2177
2177
2177
2178
2179
2180
2181
2181
2181
2181
2181
2181
2182
2182
2182
2182
2182
2183
2183
2184
2184
2184
2184
2184
2185
2185
2185
2185
2185
2185
2186
2186
2186
2186
2187
2187
2187
2187
2187
2187
2187
2187
2188
2188
2187
2188
2189
2189
2189
2188
2188
2188
2189
2191
2191
2193
2193
2194
2194
2194
2195
2195
2196
2197
2198
2199
2200
2201
2202
2202
2202
2203
2203
2203
2204
2204
2204
2204
2204
2206
2207
2207
2206
2208
2208
2209
2209
2209
2209
2209
2209
2209
2211
2212
2212
2212
2212
2211
2211
2211
2212
2212
2213
2214
2214
2212
2214
2215
2214
2215
2215
2217
2216
2217
2217
2219
2220
2222
2222
2222
2223
2223
2223
2222
2223
2222
2224
2223
2223
2224
2225
2226
2226
2227
2228
2229
2228
2228
2228
2229
2230
2232
2233
2234
2234
2234
2234
2234
2235
2236
2237
2239
2241
2242
2243
2244
2243
2244
2244
2244
2245
2246
2246
2248
2248
2247
2247
2247
2247
2247
2246
2245
2246
2246
2246
2247
2248
2248
2248
2249
2250
2251
2252
2252
2253
2254
2253
2253
2253
2255
2256
2257
2257
2257
2258
2259
2259
2260
2261
2261
2262
2262
2262
2261
2261
2260
2261
2261
2262
2263
2264
2265
2265
2265
2264
2265
2266
2267
2268
2268
2268
2269
2270
2270
2271
2271
2272
2272
2271
2270
2271
2270
2269
2270
2271
2270
2270
2270
2270
2271
2271
2272
2274
2274
2273
2274
2275
2276
2275
2275
2275
2275
2276
2277
2277
2278
2278
2279
2279
2278
2279
2280
2281
2281
2282
2282
2283
2282
2284
2284
2284
2284
2286
2285
2286
2288
2287
2288
2289
2289
2289
2289
2289
2290
2291
2292
2291
2292
2293
2295
2295
2296
2295
2294
2296
2297
2296
2297
2297
2298
2299
2299
2300
2300
2300
2300
2300
2301
2300
2301
2301
2302
2303
2304
2306
2305
2304
2303
2303
2304
2304
2302
2302
2303
2302
2302
2301
2303
2304
2306
2304
2305
2306
2307
2307
2307
2307
2308
2309
2309
2310
2310
2310
2310
2310
2310
2309
2309
2309
2309
2310
2310
2311
2311
2313
2314
2313
2313
2313
2314
2314
2314
2314
2315
2316
2315
2317
2318
2318
2319
2319
2320
2320
2320
2320
2321
2322
2322
2322
2320
2320
2321
2321
2320
2321
2322
2322
2323
2323
2324
2324
2325
2325
2325
2327
2329
2330
2332
2332
2333
2332
2333
2333
2333
2333
2334
2335
2336
2337
2338
2340
2340
2340
2341
2343
2343
2344
2344
2345
2345
2345
2345
2345
2344
2345
2344
2345
2347
2346
2346
2345
2346
2347
2348
2349
2350
2350
2351
2352
2350
2350
2350
2349
2349
2349
2350
2351
2352
2352
2352
2354
2355
2357
2358
2358
2359
2360
2360
2362
2363
2364
2364
2364
2365
2366
2367
2367
2368
2370
2371
2372
2372
2373
2374
2375
2375
2375
2375
2375
2377
2377
2377
2377
2377
2378
2378
2377
2377
2378
2379
2380
2381
2381
2382
2382
2382
2381
2381
2380
2380
2380
2381
2381
2381
2382
2382
2381
2382
2383
2383
2382
2382
2381
2381
2382
2381
2382
2383
2383
2384
2384
2384
2385
2385
2386
2386
2387
2387
2388
2387
2386
2386
2387
2388
2389
2390
2390
2391
2391
2393
