0
0
0
0
0
0
0
0
0
0
0
0
0
0
0
0
1
1
1
1
1
1
1
2
3
3
3
4
4
5
5
5
5
5
5
5
6
7
7
7
8
8
8
9
9
8
8
8
8
8
8
9
9
10
10
11
12
11
12
13
15
15
15
14
13
14
15
16
16
16
18
18
18
19
19
19
19
19
20
20
20
20
20
22
23
23
23
23
23
24
24
24
24
24
25
27
28
30
29
30
31
31
32
32
33
33
34
33
33
33
34
34
35
36
35
36
37
38
38
38
40
41
41
42
42
42
42
42
42
43
43
43
43
42
43
43
44
45
45
45
44
44
42
42
43
43
42
42
42
43
45
46
47
48
49
51
50
51
51
51
51
51
49
49
50
51
52
51
52
53
53
54
55
55
56
56
57
58
57
58
58
57
57
57
56
56
57
57
57
58
58
60
58
58
58
59
60
61
61
61
62
62
62
64
65
67
68
68
69
70
70
70
69
69
69
69
68
68
69
68
69
69
69
69
70
70
70
72
73
74
75
76
75
76
76
77
78
78
79
79
79
80
80
81
80
82
82
82
82
82
82
84
85
85
86
86
87
87
89
89
90
90
91
91
92
91
91
91
92
92
92
91
91
92
91
91
92
93
93
92
90
90
90
90
90
90
89
90
90
91
91
91
91
92
94
93
93
92
92
93
94
93
93
93
93
93
94
95
95
96
96
96
97
97
98
97
97
96
96
96
97
97
98
97
97
98
98
99
100
100
101
102
102
103
104
104
105
105
106
106
106
106
105
106
106
107
108
109
110
112
112
112
113
113
114
115
115
115
116
117
118
118
118
119
118
119
120
118
118
119
119
119
120
120
122
122
123
123
123
125
124
124
124
125
125
124
123
124
124
124
124
123
124
123
121
121
121
122
123
125
125
125
125
126
127
127
127
127
127
129
130
131
131
132
133
133
133
132
133
133
134
136
136
137
136
137
138
138
138
138
138
139
139
139
139
139
138
139
139
140
140
139
140
140
139
139
141
141
142
143
143
144
143
144
145
146
147
148
149
149
150
151
151
151
152
153
153
152
153
154
154
155
154
155
156
157
157
157
156
157
158
159
160
160
160
161
161
162
163
164
166
167
167
168
169
169
169
169
169
169
170
171
172
173
174
174
174
174
174
174
175
176
175
176
176
175
176
176
177
178
179
179
180
180
178
177
177
178
177
177
178
179
179
179
179
179
178
177
178
178
179
179
180
179
180
180
180
180
179
179
179
180
180
179
180
180
180
181
181
182
182
182
183
184
185
185
185
187
187
188
189
189
189
189
190
190
189
189
189
190
190
192
193
192
193
193
193
194
196
196
196
196
196
197
198
197
198
199
199
199
199
200
199
200
200
201
201
202
202
203
203
205
204
204
204
203
203
203
203
204
204
205
207
207
207
208
208
208
208
207
207
208
210
210
211
211
211
211
211
212
212
213
214
214
214
214
216
215
217
218
217
218
218
218
218
219
220
220
221
222
222
221
222
222
222
223
224
225
225
225
225
226
227
227
228
229
230
231
232
232
232
232
233
235
236
235
235
234
234
235
236
236
237
238
237
237
237
238
238
238
239
240
240
241
241
242
243
244
245
245
245
246
245
246
246
246
245
246
246
246
247
247
247
247
248
249
251
253
253
253
254
255
255
254
253
254
255
255
256
256
256
258
259
258
258
257
257
257
257
258
259
259
258
258
260
260
261
262
261
263
264
263
264
263
263
264
264
265
265
266
265
265
265
266
268
268
268
268
268
268
269
269
269
271
272
272
272
272
273
273
274
273
273
273
273
273
274
274
274
274
275
275
276
277
278
277
279
280
280
281
281
283
283
284
284
286
287
288
289
290
290
290
290
291
292
293
295
295
295
296
296
297
295
296
297
298
298
298
299
300
299
300
300
298
299
298
298
297
298
299
298
298
299
299
299
299
299
300
301
302
303
304
305
305
305
306
305
304
305
304
304
302
303
303
303
303
304
304
305
304
304
303
303
303
304
305
305
305
305
305
306
307
307
309
309
309
309
309
310
310
310
309
309
309
308
309
310
311
311
312
312
313
314
314
315
315
315
315
316
317
317
318
317
317
318
318
320
320
321
323
323
323
324
325
325
326
327
327
327
326
326
326
326
325
323
323
324
324
324
323
324
325
327
326
327
327
328
328
326
328
330
330
329
329
330
330
331
331
331
331
332
332
332
332
333
333
333
333
332
333
335
336
336
336
336
336
337
338
337
337
337
337
337
338
339
339
340
341
343
343
342
343
343
344
345
345
345
345
345
345
345
346
346
348
348
349
351
351
352
354
356
357
357
357
357
358
358
358
359
358
358
359
361
362
363
363
364
366
366
367
369
369
369
369
370
372
373
373
374
374
375
376
377
376
377
379
379
377
378
379
379
379
379
379
378
379
380
380
379
380
380
380
381
382
383
383
383
383
383
384
385
386
386
386
386
387
387
388
388
389
389
391
391
391
391
391
391
392
392
393
392
394
394
394
395
395
397
397
397
397
397
397
397
397
398
399
400
401
402
403
404
404
405
405
405
405
406
406
407
408
409
410
409
409
410
410
410
411
412
413
414
414
414
413
413
413
412
413
414
415
415
415
415
415
416
416
416
416
416
415
415
415
415
415
416
417
417
417
417
417
419
421
422
421
422
424
425
426
426
427
428
428
428
428
428
427
427
427
427
426
427
428
428
428
428
429
429
430
430
430
430
430
432
432
433
434
435
434
432
433
433
432
431
432
433
434
434
435
435
435
435
436
436
438
438
437
437
437
438
438
439
437
437
437
439
439
440
441
442
443
443
442
442
443
443
444
444
445
446
446
447
447
448
449
450
450
451
452
453
453
454
454
454
455
455
455
456
458
459
458
458
458
459
458
459
460
461
462
464
464
464
463
463
463
464
465
465
465
465
467
467
468
469
470
472
472
472
473
474
474
474
474
473
475
475
475
475
476
476
476
477
476
476
476
477
478
478
478
479
479
480
478
477
477
478
478
479
479
480
480
481
483
484
485
486
486
487
489
490
490
490
491
493
494
494
493
493
494
493
494
495
495
495
495
495
496
497
497
496
497
497
498
498
499
500
500
499
500
501
501
502
502
501
501
502
502
502
501
502
502
503
503
504
505
505
505
505
505
505
506
506
507
508
507
509
510
510
511
511
511
512
513
514
515
514
514
514
516
517
518
519
520
520
519
520
521
521
521
521
522
522
521
521
522
522
523
525
526
526
527
528
529
530
530
531
532
532
532
533
533
533
533
533
533
532
531
533
534
535
535
535
536
537
537
537
538
538
537
538
538
539
539
540
540
540
540
540
540
541
540
541
542
543
543
542
542
540
542
544
546
545
544
544
544
544
545
547
547
548
547
546
546
546
546
548
549
550
550
551
551
553
553
553
553
554
554
554
553
554
554
555
555
553
553
553
553
554
554
554
554
554
555
555
556
556
556
555
555
556
557
557
557
558
559
561
562
563
563
564
564
565
567
569
570
570
570
570
570
571
572
570
570
571
571
571
572
572
573
574
574
575
576
576
576
577
578
579
579
580
581
581
581
582
582
582
581
582
582
582
582
582
582
581
582
583
584
585
585
586
586
587
586
585
586
586
586
586
586
586
586
587
587
587
587
587
588
589
590
591
592
593
595
594
594
594
596
596
595
595
597
597
597
596
596
596
598
596
597
599
599
600
600
601
601
601
602
603
603
604
605
606
606
607
607
608
608
609
609
610
611
612
613
614
616
616
616
617
618
619
619
620
619
619
619
619
620
621
622
622
621
621
621
621
621
622
623
623
624
624
625
625
625
625
626
624
625
626
627
628
630
630
631
632
632
632
633
633
633
633
633
633
633
633
633
634
634
635
636
637
638
638
639
640
641
641
641
640
641
643
644
643
643
644
645
646
647
647
648
648
649
649
650
651
652
652
653
655
655
655
656
657
658
658
657
656
657
657
657
658
660
661
662
664
664
664
665
666
667
667
669
670
670
670
669
670
671
672
674
674
675
676
677
677
678
678
678
678
678
678
678
680
681
680
679
680
682
682
682
683
683
683
683
684
684
685
686
686
686
686
687
686
686
688
689
689
690
690
691
691
691
691
691
692
693
693
693
693
693
691
691
691
692
693
693
693
693
693
694
694
694
695
696
696
696
697
697
697
697
697
697
699
700
701
700
701
700
700
700
700
700
701
703
704
705
706
707
707
708
709
709
711
711
712
712
712
712
711
711
711
711
711
711
710
710
711
711
712
713
715
715
714
715
715
717
717
718
719
721
721
721
722
723
723
721
722
722
723
722
722
723
724
724
724
724
724
725
726
726
726
725
725
726
725
726
727
727
727
726
727
728
729
729
731
731
732
732
733
734
734
734
734
735
735
734
734
734
735
735
735
735
735
735
736
737
737
737
738
740
740
740
740
740
740
740
740
742
742
743
744
744
746
746
747
748
749
750
749
750
751
752
753
753
753
753
753
753
753
753
754
755
756
756
755
755
755
756
756
756
757
758
759
760
760
760
761
761
761
761
762
762
762
763
764
764
763
763
763
762
763
764
762
762
763
764
764
764
764
764
766
768
768
769
769
770
770
771
772
771
772
772
773
773
775
776
777
778
778
778
778
778
779
780
780
781
780
780
781
782
783
783
783
782
782
782
783
783
785
785
786
785
785
786
787
787
787
788
788
787
787
787
787
787
786
786
787
789
789
790
791
792
791
791
792
794
795
796
797
798
798
796
797
797
797
798
799
799
799
801
802
801
801
802
802
803
803
804
806
807
807
808
808
808
809
811
811
810
810
811
811
811
812
813
814
814
814
814
813
814
814
814
812
814
813
813
814
814
814
815
816
816
816
815
815
815
815
816
816
817
818
818
819
819
818
819
820
821
822
822
823
823
824
824
826
826
826
826
827
827
828
828
828
828
827
827
828
828
828
828
829
829
829
830
830
830
830
831
832
832
832
832
833
835
836
836
837
839
839
839
839
840
840
841
841
841
842
842
842
842
842
841
841
842
843
843
843
843
844
845
845
846
846
847
847
847
847
848
847
849
850
851
852
853
853
853
853
853
854
853
852
851
851
851
851
851
851
852
852
853
852
854
854
854
853
853
853
855
855
854
855
856
856
858
857
857
858
860
860
860
861
861
861
861
861
861
861
861
860
862
862
863
865
866
866
866
867
868
867
867
867
869
870
870
870
870
870
870
871
871
871
871
871
873
874
874
874
874
875
874
874
875
875
876
878
877
877
878
879
879
880
880
882
883
884
885
885
885
886
887
888
889
888
889
889
889
890
891
891
892
891
892
893
894
894
895
897
897
897
897
898
898
898
898
899
899
900
900
901
901
902
902
901
901
902
903
904
904
904
906
906
906
907
908
908
909
909
910
910
910
910
911
911
912
912
912
912
913
912
913
914
914
914
915
915
916
916
916
917
919
920
921
921
922
923
924
924
924
922
922
923
923
924
925
926
927
928
929
929
929
929
929
929
929
930
930
931
931
932
932
933
934
935
936
936
936
936
938
938
938
939
940
940
940
941
942
943
943
944
944
944
944
945
943
944
945
946
946
945
945
944
945
945
943
943
945
944
945
945
945
945
946
944
944
945
946
947
948
950
950
950
951
952
951
953
953
953
955
956
956
955
955
957
957
958
958
958
958
959
959
959
959
959
960
960
962
962
961
962
963
962
961
961
963
965
964
963
963
964
965
965
966
966
966
967
967
968
969
969
970
971
970
971
972
973
972
973
973
974
974
974
974
974
975
975
975
974
975
975
975
975
976
976
976
976
976
976
976
976
977
977
977
978
978
978
978
978
979
979
980
979
978
978
977
977
977
978
979
979
981
980
981
982
983
985
985
985
986
987
988
988
990
991
991
993
992
992
993
993
993
994
995
995
997
997
998
999
1000
1000
1000
1001
1003
1004
1005
1006
1006
1007
1008
1008
1010
1009
1010
1011
1012
1011
1011
1012
1013
1012
1013
1013
1013
1013
1013
1012
1013
1015
1016
1018
1018
1019
1019
1019
1020
1020
1020
1021
1021
1023
1022
1022
1022
1021
1021
1021
1022
1024
1024
1024
1023
1024
1024
1025
1026
1026
1026
1026
1026
1028
1029
1029
1030
1030
1030
1030
1030
1031
1032
1033
1034
1035
1033
1034
1035
1036
1035
1035
1036
1037
1037
1038
1038
1037
1039
1041
1041
1043
1044
1046
1046
1046
1046
1046
1046
1047
1047
1046
1046
1046
1046
1046
1047
1047
1047
1047
1048
1049
1049
1049
1050
1050
1051
1052
1053
1053
1053
1054
1054
1055
1055
1056
1057
1057
1056
1057
1057
1057
1057
1057
1057
1058
1058
1058
1057
1058
1059
1058
1058
1059
1061
1062
1061
1061
1061
1061
1061
1063
1064
1066
1067
1067
1067
1067
1068
1068
1069
1070
1070
1070
1071
1072
1072
1073
1073
1074
1074
1074
1074
1075
1076
1077
1077
1078
1077
1076
1076
1076
1076
1077
1078
1079
1081
1082
1083
1082
1084
1085
1086
1087
1087
1089
1089
1089
1090
1089
1088
1089
1088
1088
1088
1088
1089
1089
1090
1091
1090
1090
1091
1090
1089
1090
1091
1091
1091
1091
1093
1093
1094
1095
1095
1096
1097
1097
1098
1098
1097
1097
1099
1100
1101
1101
1101
1101
1100
1098
1100
1099
1099
1099
1099
1101
1102
1103
1103
1103
1103
1104
1105
1105
1106
1107
1107
1107
1106
1107
1108
1109
1109
1109
1109
1109
1110
1110
1111
1112
1112
1112
1113
1114
1115
1115
1115
1115
1116
1116
1116
1117
1118
1119
1121
1122
1123
1123
1124
1123
1123
1123
1124
1122
1121
1123
1124
1125
1125
1126
1127
1127
1127
1126
1127
1127
1127
1127
1127
1128
1129
1129
1128
1128
1127
1128
1127
1127
1129
1129
1130
1130
1130
1131
1132
1134
1133
1134
1135
1134
1134
1134
1134
1136
1136
1137
1137
1136
1136
1136
1137
1138
1138
1137
1137
1137
1137
1138
1138
1138
1138
1138
1138
1138
1139
1141
1140
1140
1141
1142
1143
1143
1143
1143
1143
1142
1142
1143
1144
1145
1145
1145
1145
1145
1145
1145
1145
1144
1145
1144
1144
1144
1144
1145
1145
1147
1146
1146
1147
1148
1150
1151
1151
1150
1150
1150
1150
1151
1151
1151
1151
1153
1153
1153
1152
1151
1152
1152
1152
1152
1153
1153
1154
1153
1153
1154
1154
1154
1154
1154
1155
1155
1155
1156
1156
1156
1156
1156
1156
1157
1157
1159
1160
1160
1161
1161
1161
1161
1162
1161
1162
1162
1163
1164
1163
1163
1164
1164
1164
1164
1165
1165
1166
1166
1167
1167
1166
1167
1167
1167
1167
1168
1168
1168
1168
1169
1169
1169
1169
1170
1169
1169
1170
1170
1171
1171
1170
1170
1172
1170
1171
1171
1172
1171
1171
1172
1173
1173
1173
1174
1175
1176
1176
1176
1176
1176
1175
1175
1176
1177
1178
1178
1179
1180
1181
1181
1181
1181
1181
1181
1180
1180
1181
1181
1181
1182
1182
1182
1183
1183
1183
1184
1184
1185
1187
1188
1189
1189
1190
1190
1191
1192
1193
1193
1193
1193
1193
1192
1192
1192
1193
1194
1193
1191
1192
1191
1192
1192
1193
1194
1195
1195
1197
1197
1197
1198
1199
1198
1199
1200
1200
1200
1200
1202
1202
1203
1203
1204
1205
1203
1202
1203
1203
1203
1203
1205
1206
1207
1207
1209
1209
1210
1211
1212
1212
1212
1212
1213
1213
1214
1214
1215
1214
1215
1216
1217
1219
1220
1222
1223
1224
1225
1225
1225
1226
1226
1228
1228
1228
1228
1228
1229
1230
1231
1231
1230
1231
1231
1231
1231
1230
1230
1231
1230
1231
1231
1232
1232
1233
1234
1234
1234
1235
1235
1236
1237
1238
1240
1240
1240
1242
1243
1244
1244
1244
1245
1246
1246
1246
1246
1246
1246
1246
1247
1248
1247
1248
1249
1248
1248
1249
1248
1247
1247
1249
1248
1248
1248
1248
1248
1248
1248
1247
1247
1248
1249
1250
1251
1251
1251
1251
1251
1252
1252
1252
1252
1251
1252
1252
1254
1254
1255
1255
1256
1256
1258
1258
1258
1259
1260
1261
1263
1265
1267
1267
1268
1268
1268
1268
1268
1268
1269
1269
1269
1269
1270
1270
1271
1272
1273
1273
1273
1273
1273
1275
1275
1276
1276
1276
1278
1279
1280
1281
1281
1281
1281
1281
1282
1283
1283
1284
1284
1284
1285
1285
1284
1285
1285
1287
1288
1288
1286
1287
1287
1288
1289
1289
1289
1290
1290
1290
1291
1291
1291
1293
1293
1293
1293
1292
1292
1292
1293
1293
1293
1294
1294
1293
1292
1292
1292
1292
1292
1293
1295
1294
1294
1295
1295
1296
1296
1296
1297
1297
1298
1298
1299
1300
1299
1299
1299
1299
1299
1298
1298
1299
1299
1301
1301
1301
1303
1303
1303
1304
1304
1303
1303
1304
1304
1304
1305
1306
1308
1309
1309
1310
1311
1312
1312
1312
1313
1315
1315
1315
1315
1315
1315
1315
1317
1318
1319
1319
1317
1317
1318
1318
1318
1320
1320
1320
1319
1319
1319
1320
1321
1321
1322
1323
1323
1324
1325
1326
1327
1328
1329
1330
1331
1332
1332
1332
1334
1335
1335
1335
1336
1335
1337
1338
1339
1340
1341
1343
1343
1343
1344
1344
1344
1344
1343
1344
1345
1347
1347
1347
1347
1348
1348
1348
1350
1351
1352
1352
1352
1351
1351
1351
1350
1350
1350
1350
1351
1351
1351
1351
1351
1351
1351
1351
1351
1351
1352
1353
1354
1354
1354
1355
1357
1358
1359
1359
1360
1360
1361
1361
1360
1360
1359
1360
1360
1360
1359
1360
1361
1360
1362
1362
1364
1365
1365
1365
1366
1366
1367
1368
1368
1368
1368
1369
1370
1370
1369
1371
1372
1372
1373
1374
1374
1373
1373
1375
1375
1377
1377
1377
1379
1380
1380
1381
1381
1382
1383
1385
1385
1386
1387
1387
1388
1388
1389
1390
1391
1392
1393
1392
1393
1392
1393
1394
1395
1396
1396
1394
1394
1395
1395
1396
1397
1399
1400
1401
1401
1401
1401
1402
1403
1405
1404
1405
1406
1406
1407
1408
1408
1408
1410
1411
1411
1411
1412
1413
1415
1415
1415
1413
1414
1414
1414
1415
1414
1415
1415
1416
1415
1415
1415
1416
1416
1418
1419
1420
1420
1421
1422
1422
1423
1423
1425
1425
1426
1426
1427
1427
1427
1428
1429
1429
1430
1430
1429
1431
1431
1431
1431
1432
1431
1432
1432
1433
1434
1435
1435
1436
1436
1437
1439
1440
1440
1441
1441
1440
1440
1440
1440
1441
1441
1441
1441
1441
1442
1442
1442
1443
1442
1441
1441
1441
1441
1441
1441
1441
1441
1441
1442
1443
1444
1443
1445
1446
1446
1447
1447
1447
1449
1451
1451
1451
1452
1451
1451
1451
1451
1452
1452
1452
1452
1452
1453
1454
1455
1457
1457
1457
1458
1458
1458
1459
1460
1460
1462
1463
1463
1463
1464
1464
1466
1466
1467
1468
1469
1470
1469
1470
1471
1472
1473
1473
1473
1473
1474
1474
1474
1474
1474
1474
1475
1476
1477
1477
1477
1478
1480
1480
1480
1479
1480
1480
1481
1481
1481
1481
1483
1483
1483
1484
1483
1483
1483
1483
1484
1485
1485
1487
1487
1488
1488
1486
1485
1485
1486
1487
1487
1487
1487
1486
1487
1486
1487
1486
1488
1488
1489
1488
1489
1489
1489
1490
1490
1491
1490
1491
1491
1492
1491
1491
1492
1492
1492
1493
1493
1493
1494
1495
1496
1497
1497
1498
1499
1499
1498
1498
1499
1499
1497
1497
1497
1497
1498
1498
1498
1500
1499
1499
1499
1500
1499
1500
1500
1500
1500
1501
1501
1502
1501
1500
1500
1501
1500
1501
1501
1501
1501
1501
1502
1503
1504
1505
1506
1506
1505
1505
1505
1505
1505
1507
1506
1506
1506
1506
1506
1505
1505
1506
1507
1507
1507
1507
1507
1508
1509
1510
1510
1512
1511
1513
1513
1515
1516
1517
1518
1519
1521
1522
1522
1523
1522
1523
1524
1524
1525
1525
1525
1526
1526
1527
1527
1528
1529
1529
1529
1530
1530
1531
1532
1531
1532
1532
1533
1534
1535
1535
1536
1537
1537
1537
1537
1538
1539
1539
1540
1540
1541
1539
1539
1540
1540
1540
1542
1542
1542
1543
1543
1544
1545
1546
1547
1548
1548
1548
1548
1548
1549
1549
1550
1548
1550
1550
1551
1552
1553
1551
1551
1553
1555
1556
1556
1557
1558
1558
1558
1558
1558
1559
1560
1560
1560
1559
1560
1560
1562
1563
1564
1564
1565
1566
1567
1567
1568
1568
1568
1567
1567
1568
1568
1566
1565
1565
1565
1566
1567
1567
1567
1568
1569
1571
1572
1572
1573
1574
1574
1574
1575
1574
1574
1573
1575
1575
1576
1577
1577
1578
1578
1577
1577
1578
1580
1581
1580
1580
1580
1580
1580
1581
1582
1582
1582
1582
1583
1584
1585
1586
1587
1587
1587
1586
1586
1586
1587
1588
1589
1591
1590
1591
1592
1593
1593
1594
1594
1594
1595
1596
1596
1595
1595
1594
1595
1595
1596
1596
1597
1597
1598
1598
1599
1601
1601
1602
1603
1605
1605
1605
1605
1606
1608
1609
1609
1609
1610
1610
1611
1612
1614
1615
1617
1617
1618
1618
1620
1621
1623
1624
1625
1626
1626
1626
1625
1625
1626
1626
1625
1625
1625
1626
1627
1625
1625
1625
1625
1626
1626
1626
1626
1625
1625
1626
1627
1629
1629
1629
1629
1629
1629
1629
1629
1629
1629
1628
1628
1629
1630
1629
1631
1631
1631
1632
1631
1631
1632
1633
1633
1633
1635
1636
1636
1637
1637
1638
1638
1637
1637
1637
1638
1639
1639
1640
1641
1641
1640
1641
1643
1644
1645
1645
1644
1645
1645
1645
1645
1645
1645
1645
1644
1644
1644
1645
1646
1646
1646
1647
1646
1646
1646
1647
1648
1650
1651
1651
1650
1651
1652
1653
1652
1651
1651
1652
1652
1653
1651
1650
1650
1651
1651
1652
1652
1652
1653
1653
1654
1655
1655
1654
1654
1654
1655
1655
1655
1654
1655
1655
1655
1656
1656
1657
1658
1659
1659
1659
1659
1660
1661
1661
1662
1663
1663
1664
1665
1666
1667
1667
1667
1668
1668
1670
1670
1671
1673
1674
1674
1675
1676
1676
1676
1676
1677
1678
1679
1680
1680
1681
1682
1682
1682
1682
1683
1684
1683
1683
1685
1685
1686
1688
1689
1689
1689
1689
1690
1691
1691
1691
1692
1693
1693
1693
1693
1694
1695
1695
1695
1696
1697
1698
1699
1699
1699
1699
1699
1699
1701
1701
1702
1702
1702
1702
1702
1701
1702
1700
1701
1701
1702
1702
1703
1703
1704
1705
1705
1705
1706
1706
1706
1706
1706
1707
1707
1707
1706
1707
1707
1707
1707
1708
1709
1709
1709
1710
1709
1709
1710
1710
1710
1711
1713
1713
1713
1712
1712
1712
1712
1712
1712
1712
1711
1711
1712
1712
1713
1714
1714
1714
1714
1715
1715
1714
1714
1713
1714
1714
1714
1715
1713
1714
1714
1715
1715
1715
1716
1717
1717
1717
1719
1720
1721
1722
1721
1721
1722
1723
1724
1725
1726
1726
1728
1729
1728
1728
1728
1728
1728
1727
1729
1730
1730
1730
1730
1730
1731
1732
1733
1733
1731
1731
1732
1732
1733
1733
1734
1733
1733
1733
1733
1733
1734
1734
1734
1734
1736
1736
1737
1738
1739
1739
1740
1740
1741
1742
1743
1744
1743
1743
1743
1743
1744
1744
1745
1746
1745
1746
1747
1747
1747
1747
1747
1747
1748
1748
1747
1748
1748
1748
1747
1747
1748
1747
1748
1748
1746
1746
1746
1746
1747
1748
1749
1750
1751
1751
1751
1752
1753
1753
1754
1753
1754
1754
1754
1755
1755
1757
1757
1757
1757
1757
1756
1758
1759
1760
1761
1761
1763
1764
1765
1766
1766
1766
1767
1767
1768
1768
1768
1768
1768
1770
1770
1770
1770
1770
1769
1770
1771
1770
1770
1771
1772
1772
1773
1773
1773
1772
1773
1774
1774
1774
1774
1774
1774
1775
1776
1776
1776
1776
1776
1777
1777
1778
1779
1778
1779
1780
1779
1780
1779
1779
1780
1780
1780
1781
1782
1782
1783
1783
1783
1783
1782
1783
1784
1784
1784
1784
1785
1786
1785
1785
1784
1784
1785
1783
1783
1783
1784
1784
1786
1786
1786
1788
1788
1788
1787
1788
1788
1788
1788
1788
1788
1789
1788
1787
1786
1786
1785
1785
1785
1786
1787
1788
1787
1788
1790
1791
1791
1791
1791
1790
1791
1793
1793
1794
1795
1795
1795
1796
1798
1798
1798
1799
1799
1800
1799
1800
1801
1802
1803
1803
1805
1805
1806
1807
1807
1808
1808
1809
1811
1811
1812
1813
1813
1814
1815
1815
1815
1816
1816
1817
1818
1819
1819
1818
1818
1819
1820
1820
1821
1821
1823
1823
1823
1824
1824
1824
1826
1827
1826
1827
1827
1827
1827
1828
1829
1827
1827
1828
1827
1827
1828
1828
1828
1827
1827
1827
1827
1829
1829
1829
1830
1831
1831
1832
1833
1834
1834
1835
1835
1836
1836
1838
1839
1839
1841
1842
1842
1842
1843
1844
1845
1847
1847
1846
1846
1846
1848
1849
1849
1849
1849
1850
1852
1851
1853
1855
1855
1856
1857
1859
1859
1859
1859
1859
1860
1861
1862
1863
1863
1863
1863
1863
1864
1864
1864
1865
1866
1866
1867
1867
1867
1868
1869
1870
1871
1873
1874
1875
1876
1876
1877
1877
1878
1878
1877
1878
1878
1878
1878
1879
1879
1879
1879
1880
1881
1881
1882
1883
1883
1883
1883
1883
1883
1884
1884
1885
1885
1886
1886
1887
1888
1889
1889
1889
1889
1889
1889
1887
1887
1887
1887
1888
1890
1890
1892
1892
1892
1892
1893
1893
1893
1894
1895
1895
1896
1896
1897
1897
1898
1899
1899
1901
1901
1901
1901
1901
1901
1901
1902
1902
1903
1902
1902
1904
1903
1903
1904
1905
1906
1906
1906
1907
1907
1909
1910
1910
1911
1912
1914
1914
1915
1915
1914
1914
1914
1913
1913
1915
1915
1916
1918
1919
1920
1920
1920
1921
1921
1921
1921
1921
1921
1921
1921
1922
1923
1924
1923
1924
1925
1924
1924
1924
1926
1926
1926
1925
1924
1924
1924
1924
1924
1925
1925
1925
1926
1926
1926
1926
1926
1927
1928
1929
1929
1930
1930
1931
1932
1932
1931
1932
1932
1933
1933
1934
1934
1934
1934
1935
1936
1936
1936
1936
1938
1939
1940
1941
1941
1941
1942
1942
1942
1941
1940
1941
1941
1941
1942
1943
1945
1946
1946
1947
1948
1948
1948
1948
1950
1950
1950
1950
1949
1949
1949
1950
1951
1951
1951
1952
1952
1953
1953
1954
1954
1955
1955
1955
1955
1956
1956
1956
1956
1957
1957
1956
1956
1956
1957
1957
1958
1959
1960
1960
1960
1960
1961
1962
1962
1964
1964
1965
1965
1966
1968
1967
1967
1967
1967
1967
1969
1969
1968
1968
1967
1968
1968
1968
1968
1970
1971
1971
1971
1972
1973
1973
1974
1974
1974
1975
1976
1977
1977
1977
1977
1978
1978
1978
1978
1978
1978
1980
1980
1981
1981
1981
1982
1981
1982
1983
1982
1984
1985
1986
1987
1988
1989
1989
1989
1990
1990
1989
1989
1990
1990
1992
1992
1992
1992
1992
1992
1992
1992
1993
1994
1995
1995
1996
1996
1997
1997
1997
1998
1999
2000
2000
1999
1999
1999
2000
2001
2002
2003
2005
2006
2007
2007
2008
2008
2009
2010
2010
2011
2011
2011
2012
2012
2013
2014
2014
2012
2013
2014
2014
2014
2013
2014
2015
2015
2015
2017
2017
2017
2017
2017
2019
2019
2019
2021
2021
2023
2024
2025
2026
2027
2027
2027
2027
2028
2028
2028
2029
2030
2031
2031
2032
2033
2034
2034
2033
2031
2031
2032
2032
2033
2033
2034
2035
2035
2037
2038
2039
2040
2042
2042
2042
2043
2044
2045
2045
2046
2047
2048
2048
2048
2049
2049
2049
2050
2050
2050
2050
2052
2051
2052
2051
2049
2050
2052
2053
2054
2056
2057
2058
2059
2058
2059
2059
2059
2060
2062
2062
2062
2062
2064
2064
2064
2064
2064
2065
2066
2067
2069
2069
2070
2072
2074
2074
2073
2072
2072
2072
2072
2073
2074
2073
2073
2073
2073
2074
2074
2075
2075
2075
2075
2075
2076
2075
2075
2077
2079
2080
2081
2081
2082
2083
2084
2084
2084
2085
2086
2086
2087
2088
2088
2089
2090
2092
2092
2092
2092
2093
2095
2095
2095
2097
2097
2099
2100
2100
2101
2101
2101
2101
2101
2102
2102
2102
2102
2102
2104
2105
2105
2106
2107
2108
2109
2109
2111
2111
2112
2112
2112
2113
2113
2113
2113
2114
2114
2114
2114
2115
2116
2116
2117
2116
2116
2116
2116
2116
2116
2117
2119
2119
2120
2122
2123
2124
2125
2125
2125
2125
2126
2127
2126
2125
2126
2127
2127
2128
2128
2128
2129
2130
2131
2132
2132
2133
2134
2133
2133
2133
2133
2134
2135
2135
2135
2135
2136
2136
2137
2138
2139
2141
2142
2143
2143
2144
2144
2145
2145
2145
2146
2146
2146
2147
2148
2148
2148
2148
2149
2150
2151
2151
2150
2150
2149
2150
2150
2150
2151
2152
2152
2151
2151
2150
2150
2151
2152
2153
2153
2153
2153
2154
2154
2154
2155
2154
2155
2155
2154
2154
2154
2154
2155
2156
2156
2158
2157
2158
2158
2158
2158
2158
2158
2159
2158
2159
2160
2161
2161
2161
2161
2162
2162
2162
2163
2164
2164
2166
2167
2167
2168
2169
2170
2170
2169
2170
2170
2169
2169
2169
2169
2170
2171
2171
2171
2172
2172
2173
2173
2175
2176
2174
2173
2173
2175
2176
2177
2178
2179
2180
2180
2179
2180
2181
2181
2181
2182
2183
2183
2183
2183
2184
2182
2183
2183
2184
2185
2186
2187
2187
2188
2190
2190
2190
2190
2192
2191
2191
2191
2193
2194
2194
2195
2196
2196
2197
2197
2197
2197
2199
2200
2200
2200
2200
2201
2201
2202
2204
2204
2204
2205
2207
2206
2205
2206
2205
2206
2206
2207
2208
2208
2208
2208
2209
2209
2209
2210
2208
2208
2208
2208
2208
2208
2210
2210
2211
2212
2213
2215
2215
2215
2216
2218
2218
2220
2221
2219
2219
2219
2219
2220
2220
2221
2222
2222
2222
2222
2223
2224
2225
2226
2225
2226
2225
2227
2228
2228
2228
2228
2229
2230
2231
2231
2231
2231
2231
2233
2233
2234
2235
2236
2235
2236
2236
2236
2236
2235
2236
2236
2237
2237
2237
2237
2239
2240
2240
2240
2240
2240
2242
2241
2241
2240
2240
2241
2242
2243
2243
2244
2244
2245
2245
2246
2246
2247
2249
2248
2247
2247
2248
2248
2248
2250
2250
2250
2250
2250
2250
2249
2249
2250
2252
2251
2251
2251
2251
2251
2251
2250
2250
2250
2250
2251
2252
2252
2253
2253
2253
2253
2253
2253
2254
2255
2254
2254
2254
2254
2253
2254
2254
2254
2253
2253
2253
2253
2253
2253
2255
2256
2258
2258
2258
2258
2258
2258
2258
2257
2257
2258
2259
2259
2259
2260
2262
2263
2263
2264
2264
2264
2265
2266
2267
2268
2269
2270
2270
2271
2272
2272
2273
2274
2275
2276
2276
2277
2277
2278
2279
2281
2282
2283
2284
2285
2287
2286
2288
2287
2287
2288
2288
2288
2289
2289
2289
2290
2291
2291
2291
2291
2292
2292
2292
2293
2291
2291
2292
2292
2292
2293
2294
2295
2297
2296
2295
2295
2296
2298
2299
2300
2299
2298
2299
2300
2300
2301
2302
2302
2302
2303
2303
2302
2304
2304
2303
2303
2303
2303
2304
2304
2303
2304
2305
2304
2305
2305
2306
2306
2306
2305
2304
2306
2307
2308
2308
2308
2309
2310
2310
2310
2311
2311
2311
2312
2312
2314
2314
2315
2315
2316
2317
2318
2318
2319
2320
2319
2320
2321
2322
2323
2323
2323
2324
2326
2328
2328
2330
2330
2329
2330
2331
2330
2328
2328
2329
2331
2332
2332
2333
2332
2333
2333
2333
2333
2333
2334
2334
2333
2334
2335
2336
2337
2338
2338
2339
2340
2339
2341
2341
2341
2341
2342
2343
2344
2343
2344
2345
2345
2346
2346
2346
2347
2347
2349
2350
2350
2350
2351
2352
2352
2352
2354
2356
2356
2358
2359
2359
2359
2359
2359
2361
2361
2360
2360
2360
2360
2359
2359
2360
2360
2361
2360
2360
2360
2361
2361
2361
2363
2364
2363
2364
2366
2367
2367
2369
2370
2371
2373
2373
2374
2374
2376
2377
2377
2379
2379
2379
2380
2381
2381
2382
2383
2384
2384
2383
2383
2383
2383
2384
2385
2386
2384
2384
2384
2385
2387
2386
2386
2387
2388
2388
2389
2389
2390
2390
2391
2391
2391
2392
2393
2394
2394
2395
2395
2396
2395
2396
2395
2396
2397
2396
2395
2396
2396
2397
2397
2396
2397
2397
2398
2399
2399
2399
2399
2399
2399
2399
2400
2401
2401
2401
2401
2401
2403
2404
2404
2404
2405
2405
2407
2408
2407
2408
2409
2410
2410
2408
2410
2410
2409
2408
2408
2408
2409
2410
2410
2410
2410
2410
2411
2411
2410
2411
2410
2411
2411
2411
2412
2412
2412
2412
2414
2415
2416
2415
2416
2418
2417
2417
2419
2420
2419
2420
2422
2423
2424
2424
2424
2424
2425
2427
2426
2427
2428
2429
2427
2427
2427
2428
2429
2428
2430
2430
2430
2430
2431
2431
2430
2430
2430
2429
2429
2430
2430
2431
2431
2432
2432
2432
2433
2435
2437
2436
2437
2438
2439
2439
2439
2440
2440
2441
2440
2441
2441
2442
2444
2444
2445
2446
2447
2448
2448
2447
2446
2447
2447
2448
2448
2448
2449
2448
2448
2449
2450
2449
2449
2449
2448
2448
2447
2447
2448
2449
2449
2449
2449
2449
2449
2451
2452
2452
2452
2452
2452
2453
2453
2453
2454
2454
2454
2452
2451
2451
2451
2452
2452
2452
2454
2455
2455
2455
2455
2456
2456
2458
2457
2456
2455
2456
2457
2457
2458
2458
2458
2458
2458
2460
2461
2461
2461
2460
2460
2460
2462
2462
2462
2462
2462
2462
2463
2463
2462
2462
2462
2463
2463
2464
2464
2465
2465
2465
2465
2465
2465
2466
2467
2468
2468
2468
2468
2468
2469
2469
2470
2470
2472
2474
2474
2474
2474
2475
2476
2476
2477
2478
2480
2480
2481
2481
2483
2485
2486
2487
2488
2488
2489
2491
2490
2490
2490
2491
2493
2492
2493
2494
2494
2494
2495
2493
2493
2493
2493
2493
2494
2494
2494
2494
2493
2494
2495
2497
2496
2496
2497
2499
2499
2500
2500
2499
2500
2500
2501
2501
2502
2502
2503
2503
2503
2504
2504
2505
2506
2506
2506
2506
2506
2506
2506
2506
2505
2507
2506
2507
2508
2508
2508
2508
2508
2508
2510
2510
2511
2510
2511
2512
2512
2512
2514
2514
2515
2516
2517
2519
2519
2520
2521
2522
2523
2523
2524
2525
2526
2527
2528
2528
2528
2528
2529
2530
2530
2532
2532
2532
2532
2534
2535
2536
2537
2536
2537
2537
2537
2539
2539
2539
2539
2539
2540
2540
2540
2542
2543
2543
2543
2544
2545
2546
2545
2544
2545
2546
2546
2545
2546
2545
2545
2545
2546
2548
2548
2548
2547
2548
2549
2550
2550
2552
2554
2554
2554
2555
2554
2555
2556
2556
2557
2556
2558
2558
2559
2560
2559
2559
2559
2559
2560
2560
2560
2562
2563
2563
2564
2565
2565
2565
2565
2566
2567
2567
2567
2566
2567
2568
2567
2567
2567
2567
2569
2570
2572
2573
2574
2574
2574
2573
2572
2573
2573
2574
2573
2573
2573
2574
2576
2576
2576
2576
2577
2578
2579
2580
2580
2581
2582
2582
2582
2582
2582
2584
2584
2584
2584
2584
2584
2584
2584
2585
2585
2585
2586
2586
2586
2588
2589
2590
2590
2590
2591
2592
2592
2594
2595
2594
2594
2594
2595
2594
2594
2594
2594
2594
2596
2596
2597
2597
2598
2598
2597
2597
2597
2598
2597
2597
2598
2598
2598
2597
2599
2599
2600
2601
2602
2601
2599
2598
2599
2601
2601
2602
2604
2604
2603
2603
2603
2603
2605
2604
2605
2606
2605
2606
2605
2605
2604
2605
2604
2604
2604
2603
2602
2602
2602
2603
2603
2604
2605
2607
2608
2609
2610
2610
2610
2610
2609
2610
2610
2611
2613
2613
2613
2613
2613
2613
2614
2613
2615
2614
2614
2615
2616
2616
2618
2619
2618
2619
2619
2619
2620
2619
2619
2619
2619
2620
2620
2620
2620
2620
2620
2619
2618
2619
2619
2620
2621
2621
2621
2621
2621
2622
2623
2623
2624
2624
2625
2626
2626
2626
2627
2627
2627
2627
2627
2628
2628
2629
2629
2631
2632
2634
2634
2634
2635
2636
2636
2637
2637
2638
2639
2640
2640
2642
2641
2642
2642
2643
2644
2644
2646
2647
2648
2648
2647
2648
2650
2651
2652
2651
2651
2650
2651
2652
2653
2654
2654
2655
2654
2654
2653
2653
2655
2655
2656
2658
2659
2659
2659
2659
2659
2659
2660
2659
2660
2662
2664
2665
2667
2668
2670
2670
2671
2672
2673
2674
2675
2676
2677
2677
2678
2679
2679
2679
2680
2681
2681
2681
2681
2682
2683
2683
2682
2683
2683
2682
2682
2682
2682
2683
2683
2685
2686
2687
2687
2686
2687
2687
2688
2689
2690
2691
2691
2692
2692
2690
2690
2690
2690
2690
2690
2690
2691
2692
2693
2693
2693
2693
2692
2693
2693
2693
2694
2694
2695
2695
2696
2696
2697
2698
2699
2699
2700
2700
2700
2701
2701
2700
2701
2701
2701
2702
2702
2703
2704
2704
2704
2705
2706
2706
2707
2706
2708
2708
2709
2710
2711
2712
2712
2711
2712
2713
2714
2714
2714
2714
2715
2715
2716
2716
2717
2718
2719
2719
2719
2721
2722
2723
2724
2725
2725
2726
2726
2727
2728
2729
2730
2731
2731
2730
2731
2731
2731
2731
2732
2733
2733
2733
2732
2732
2733
2734
2735
2735
2736
2736
2735
2735
2735
2735
2736
2737
2737
2738
2738
2737
2737
2737
2738
2739
2739
2739
2739
2740
2740
2739
2739
2740
2741
2741
2741
2742
2744
2746
2746
2746
2747
2747
2748
2750
2751
2752
2753
2753
2752
2752
2753
2753
2754
2756
2757
2758
2758
2758
2759
2759
2759
2758
2758
2759
2760
2760
2761
2761
2762
2762
2762
2763
2764
2764
2764
2765
2766
2766
2766
2767
2767
2767
2768
2770
2770
2771
2772
2772
2774
2775
2775
2777
2777
2778
2778
2779
2781
2781
2781
2782
2782
2782
2780
2781
2782
2781
2783
2785
2784
2785
2787
2788
2789
2788
2788
2788
2787
2786
2786
2786
2786
2785
2786
2787
2786
2788
2788
2788
2790
2790
2790
2791
2790
2790
2792
2792
2792
2792
2792
2793
2792
2792
2792
2793
2794
2795
2796
2796
2796
2796
2796
2798
2798
2798
2799
2799
2800
2801
2803
2803
2802
2803
2804
2804
2806
2807
2807
2807
2808
2808
2808
2810
2811
2812
2812
2812
2812
2812
2812
2814
2815
2816
2816
2817
2817
2819
2818
2819
2819
2819
2820
2820
2821
2821
2821
2822
2821
2822
2824
2825
2825
2825
2826
2826
2824
2826
2828
2828
2828
2828
2828
2828
2828
2828
2830
2831
2831
2832
2834
2835
2835
2834
2836
2836
2836
2836
2838
2838
2839
2839
2840
2840
2840
2840
2842
2843
2843
2843
2843
2844
2845
2845
2845
2847
2847
2846
2846
2845
2845
2845
2846
2847
2848
2849
2849
2851
2852
2853
2853
2854
2852
2854
2853
2853
2853
2853
2854
2854
2854
2855
2855
2855
2855
2856
2855
2855
2856
2856
2857
2857
2858
2859
2859
2860
2861
2860
2860
2860
2861
2862
2860
2862
2862
2862
2863
2863
2864
2864
2865
2866
2865
2867
2868
2869
2869
2869
2870
2870
2871
2872
2872
2874
2873
2873
2873
2873
2872
2872
2873
2874
2874
2874
2876
2876
2877
2878
2878
2878
2878
2879
2879
2881
2882
2882
2882
2883
2884
2884
2885
2885
2886
2886
2886
2886
2887
2887
2888
2888
2887
2887
2886
2886
2885
2884
2883
2882
2882
2883
2883
2883
2883
2883
2883
2882
2883
2884
2885
2885
2885
2886
2886
2887
2888
2888
2890
2890
2890
2890
2891
2892
2893
2893
2894
2895
2896
2896
2897
2898
2898
2899
2899
2899
2899
2900
2899
2901
2901
2902
2902
2903
2905
2905
2905
2905
2907
2908
2909
2909
2910
2910
2910
2911
2912
2913
2915
2916
2917
2916
2917
2916
2914
2913
2913
2912
2914
2914
2914
2913
2913
2913
2913
2914
2913
2913
2913
2913
2914
2914
2914
2914
2914
2915
2916
2917
2917
2918
2920
2920
2921
2921
2922
2923
2924
2924
2924
2924
2925
2925
2925
2927
2928
2930
2932
2932
2933
2934
2934
2934
2934
2934
2934
2935
2936
2936
2937
2937
2937
2938
2938
2938
2939
2940
2940
2940
2942
2943
2945
2944
2946
2947
2947
2947
2948
2949
2949
2950
2951
2952
2953
2953
2955
2955
2955
2956
2958
2959
2959
2959
2960
2962
2963
2962
2963
2963
2961
2961
2962
2963
2963
2963
2963
2963
2965
2965
2965
2966
2966
2966
2966
2966
2967
2967
2967
2967
2967
2968
2968
2969
2970
2971
2971
2971
2971
2972
2972
2972
2972
2973
2973
2974
2974
2975
2976
2976
2975
2976
2976
2976
2976
2976
2978
2979
2980
2981
2981
2982
2983
2983
2984
2985
2985
2984
2984
2985
2983
2985
2986
2986
2987
2987
2988
2990
2992
2992
2990
2989
2989
2989
2989
2989
2990
2991
2990
2990
2991
2991
2991
2991
2991
2992
2993
2993
2993
2993
2994
2995
2994
2994
2994
2995
2996
2996
2996
2996
2996
2996
2997
2998
2999
2998
2998
2998
2999
2999
2999
3000
3001
3000
3000
3001
3001
3001
3001
3002
3003
3003
3003
3003
3005
3005
3006
3006
3007
3008
3009
3010
3009
3010
3010
3011
3011
3012
3014
3014
3015
3016
3015
3016
3016
3016
3017
3017
3017
3017
3015
3014
3015
3015
3016
3016
3017
3019
3019
3020
3022
3024
3024
3025
3025
3026
3027
3027
3027
3027
3026
3027
3027
3028
3029
3031
3031
3031
3032
3032
3033
3035
3035
3036
3036
3036
3036
3037
3037
3037
3039
3040
3040
3040
3039
3040
3040
3040
3042
3043
3044
3043
3044
3044
3044
3043
3045
3046
3047
3046
3047
3048
3046
3048
3048
3049
3048
3047
3048
3049
3049
3048
3047
3048
3048
3049
3050
3051
3051
3051
3052
3052
3052
3054
3055
3055
3054
3054
3053
3054
3054
3054
3056
3056
3056
3056
3056
3056
3056
3058
3058
3059
3059
3061
3061
3063
3064
3065
3065
3066
3068
3069
3071
3072
3073
3073
3073
3074
3075
3076
3077
3077
3079
3080
3079
3080
3080
3080
3080
3081
3082
3082
3083
3083
3083
3084
3084
3085
3086
3087
3088
3088
3089
3088
3088
3089
3088
3089
3089
3090
3090
3090
3090
3091
3091
3092
3092
3091
3092
3091
3091
3090
3090
3090
3090
3090
3090
3091
3091
3091
3091
3091
3093
3094
3094
3093
3094
3095
3095
3096
3097
3096
3097
3098
3099
3100
3099
3101
3101
3101
3101
3103
3105
3105
3106
3106
3107
3107
3107
3107
3109
3111
3111
3112
3114
3114
3114
3115
3116
3116
3117
3117
3117
3118
3118
3118
3117
3117
3118
3119
3120
3119
3120
3120
3120
3121
3121
3121
3122
3122
3123
3122
3124
3124
3125
3125
3125
3124
3124
3125
3124
3124
3124
3125
3125
3126
3127
3127
3127
3128
3130
3130
3131
3131
3132
3133
3133
3132
3131
3131
3132
3133
3133
3135
3136
3136
3135
3136
3136
3134
3133
3132
3132
3133
3134
3135
3135
3135
3135
3137
3138
3139
3138
3139
3140
3141
3142
3143
3144
3144
3144
3144
3145
3146
3145
3145
3146
3146
3147
3149
3149
3149
3150
3152
3153
3153
3154
3155
3155
3155
3156
3156
3156
3154
3154
3154
3155
3155
3155
3156
3156
3155
3156
3157
3155
3156
3157
3157
3158
3158
3158
3159
3159
3160
3161
3162
3163
3163
3164
3164
3165
3165
3166
3165
3166
3167
3168
3167
3166
3167
3167
3167
3168
3168
3169
3168
3169
3170
3170
3171
3171
3172
3172
3172
3172
3172
3172
3173
3174
3175
3174
3174
3174
3175
3174
3174
3174
3174
3174
3175
3176
3176
3176
3177
3177
3177
3178
3179
3180
3179
3180
3180
3181
3181
3182
3181
3181
3181
3182
3182
3181
3182
3182
3182
3183
3185
3185
3185
3186
3186
3187
3187
3187
3187
3186
3187
3188
3188
3188
3188
3189
3189
3189
3190
3190
3189
3189
3190
3190
3190
3189
3189
3189
3191
3191
3193
3194
3194
3195
3196
3197
3198
3198
3196
3197
3198
3199
3198
3199
3200
3200
3201
3201
3202
3202
3202
3203
3204
3205
3205
3205
3206
3207
3209
3209
3209
3209
3209
3209
3211
3211
3212
3213
3214
3214
3215
3216
3216
3218
3218
3218
3220
3220
3220
3221
3221
3220
3221
3221
3221
3222
3222
3222
3222
3223
3223
3223
3223
3224
3224
3224
3225
3226
3226
3226
3225
3226
3225
3225
3226
3226
3226
3228
3228
3229
3230
3231
3232
3231
3232
3232
3232
3232
3232
3233
3233
3232
3232
3232
3233
3233
3235
3235
3235
3236
3237
3237
3239
3238
3238
3238
3239
3239
3238
3238
3239
3240
3240
3241
3241
3241
3242
3243
3244
3243
3243
3243
3244
3245
3245
3245
3245
3246
3247
3247
3248
3249
3249
3250
3252
3252
3253
3254
3254
3256
3255
3256
3257
3258
3259
3259
3260
3261
3262
3262
3263
3264
3265
3266
3266
3268
3269
3270
3272
3271
3271
3271
3273
3273
3272
3273
3272
3273
3274
3275
3276
3277
3277
3276
3276
3277
3277
3277
3279
3279
3279
3279
3280
3281
3282
3282
3283
3283
3283
3283
3282
3284
3284
3283
3283
3283
3283
3283
3283
3284
3284
3285
3287
3289
3290
3290
3289
3290
3290
3290
3292
3291
3291
3289
3290
3290
3292
3292
3293
3293
3292
3292
3292
3293
3294
3294
3296
3296
3297
3297
3299
3298
3298
3298
3299
3298
3297
3297
3297
3297
3296
3296
3297
3297
3299
3300
3301
3301
3302
3303
3304
3303
3303
3304
3304
3305
3306
3306
3307
3307
3309
3311
3311
3311
3310
3310
3309
3309
3310
3311
3311
3312
3313
3312
3314
3314
3315
3315
3314
3316
3317
3317
3317
3317
3317
3317
3318
3317
3316
3315
3314
3315
3317
3318
3319
3320
3319
3319
3319
3320
3321
3321
3321
3321
3322
3323
3325
3326
3326
3327
3327
3328
3329
3329
3329
3330
3330
3331
3332
3334
3334
3334
3334
3334
3334
3334
3335
3336
3334
3334
3334
3335
3336
3338
3339
3340
3340
3341
3340
3340
3342
3342
3344
3344
3344
3344
3345
3347
3346
3346
3346
3347
3346
3346
3346
3347
3347
3347
3348
3348
3349
3350
3350
3352
3352
3352
3352
3352
3350
3352
3354
3355
3357
3357
3356
3356
3356
3355
3355
3355
3354
3355
3355
3356
3357
3359
3359
3361
3360
3361
3363
3363
3364
3365
3365
3365
3366
3367
3368
3368
3369
3370
3370
3371
3372
3372
3373
3373
3374
3374
3372
3373
3375
3376
3378
3378
3378
3378
3378
3379
3380
3380
3380
3381
3382
3383
3384
3384
3385
3385
3386
3386
3386
3386
3387
3387
3387
3388
3388
3388
3389
3389
3390
3391
3392
3391
3392
3391
3391
3391
3392
3393
3392
3392
3392
3393
3393
3393
3394
3396
3396
3397
3398
3398
3397
3396
3397
3398
3398
3399
3399
3399
3400
3400
3401
3401
3401
3401
3400
3400
3401
3401
3403
3405
3405
3405
3405
3406
3407
3408
3408
3409
3408
3409
3409
3410
3411
3411
3411
3412
3413
3413
3413
3413
3414
3414
3414
3414
3414
3412
3413
3413
3413
3413
3413
3415
3414
3415
3416
3416
3414
3415
3415
3415
3416
3415
3417
3418
3418
3417
3418
3416
3416
3418
3419
3419
3420
3421
3422
3423
3424
3424
3424
3425
3426
3426
3426
3425
3425
3426
3427
3427
3427
3427
3428
3428
3429
3430
3431
3430
3430
3429
3430
3430
3429
3431
3432
3432
3432
3432
3433
3433
3432
3432
3432
3432
3433
3433
3434
3432
3433
3433
3433
3433
3433
3433
3433
3434
3434
3435
3436
3436
3436
3437
3437
3437
3439
3437
3438
3437
3437
3437
3436
3437
3437
3437
3439
3441
3441
3441
3441
3441
3441
3441
3441
3441
3442
3443
3445
3447
3449
3449
3450
3450
3449
3449
3449
3448
3449
3450
3451
3452
3452
3451
3449
3449
3450
3450
3451
3450
3451
3451
3451
3452
3452
3453
3454
3455
3455
3455
3455
3455
3457
3457
3457
3457
3457
3457
3457
3457
3458
3459
3459
3459
3458
3457
3457
3457
3458
3459
3459
3459
3459
3459
3460
3460
3459
3459
3459
3459
3459
3459
3459
3459
3461
3462
3463
3463
3464
3465
3465
3466
3468
3469
3469
3469
3470
3469
3467
3468
3467
3467
3468
3469
3469
3470
3470
3470
3471
3471
3472
3473
3474
3475
3475
3475
3475
3475
3476
3476
3476
3477
3477
3478
3478
3478
3478
3478
3479
3481
3481
3483
3484
3486
3487
3487
3487
3487
3487
3488
3488
3489
3490
3490
3490
3490
3490
3490
3491
3491
3493
3492
3492
3492
3492
3491
3492
3492
3491
3493
3494
3494
3493
3494
3495
3496
3495
3496
3496
3497
3497
3497
3497
3498
3499
3500
3500
3501
3503
3503
3503
3504
3505
3504
3504
3505
3505
3505
3505
3505
3506
3508
3508
3509
3509
3511
3512
3512
3513
3514
3514
3513
3513
3513
3513
3514
3515
3515
3516
3518
3519
3518
3518
3519
3520
3520
3520
3521
3522
3521
3522
3522
3524
3524
3525
3526
3526
3526
3525
3526
3527
3528
3529
3530
3531
3531
3532
3533
3535
3535
3535
3535
3536
3536
3537
3536
3535
3535
3535
3533
3533
3534
3536
3536
3537
3537
3536
3536
3536
3537
3538
3538
3538
3539
3540
3539
3540
3541
3543
3543
3544
3545
3546
3545
3546
3547
3545
3546
3546
3547
3547
3547
3547
3547
3547
3549
3549
3549
3550
3550
3550
3551
3553
3554
3554
3555
3556
3557
3557
3557
3557
3558
3559
3559
3560
3561
3559
3559
3558
3559
3559
3559
3559
3560
3561
3561
3562
3562
3562
3563
3562
3563
3563
3564
3565
3565
3564
3564
3564
3564
3564
3564
3565
3566
3566
3566
3566
3565
3566
3566
3566
3566
3565
3565
3566
3566
3567
3568
3568
3569
3569
3570
3569
3570
3570
3572
3573
3574
3574
3574
3575
3576
3577
3579
3579
3578
3576
3576
3576
3577
3579
3579
3579
3580
3581
3582
3581
3582
3581
3582
3581
3580
3581
3582
3582
3583
3583
3584
3584
3584
3584
3585
3585
3586
3586
3586
3587
3587
3587
3588
3589
3589
3588
3588
3588
3589
3590
3590
3590
3591
3591
3591
3592
3591
3591
3593
3594
3594
3595
3594
3595
3596
3596
3597
3598
3599
3600
3600
3601
3601
3601
3600
3602
3603
3602
3603
3604
3604
3605
3604
3604
3605
3604
3605
3604
3604
3606
3607
3607
3608
3608
3609
3610
3610
3610
3611
3611
3612
3612
3612
3612
3611
3611
3611
3611
3611
3612
3613
3613
3614
3614
3615
3615
3614
3614
3614
3616
3616
3616
3616
3617
3617
3617
3618
3618
3619
3618
3617
3618
3618
3619
3621
3621
3622
3623
3624
3624
3624
3623
3621
3622
3621
3621
3621
3620
3621
3622
3622
3622
3621
3620
3621
3621
3621
3622
3622
3622
3623
3624
3623
3623
3623
3624
3625
3627
3628
3628
3628
3628
3630
3630
3630
3632
3632
3632
3632
3633
3634
3634
3634
3635
3635
3635
3636
3637
3638
3639
3641
3641
3641
3642
3642
3643
3643
3645
3645
3645
3646
3647
3648
3649
3649
3649
3650
3651
3651
3651
3652
3653
3654
3655
3655
3656
3656
3656
3656
3658
3659
3660
3660
3660
3660
3659
3660
3660
3661
3661
3661
3662
3662
3662
3662
3663
3662
3662
3662
3662
3662
3662
3663
3664
3665
3666
3665
3665
3667
3667
3668
3668
3670
3670
3671
3672
3672
3672
3672
3674
3674
3674
3674
3675
3676
3677
3678
3679
3680
3678
3679
3680
3682
3682
3683
3684
3685
3685
3685
3686
3686
3686
3686
3687
3686
3686
3687
3685
3685
3685
3687
3688
3688
3689
3689
3689
3689
3688
3688
3689
3689
3689
3688
3689
3690
3691
3691
3692
3692
3694
3694
3695
3696
3697
3697
3698
3698
3697
3697
3698
3699
3700
3700
3701
3701
3702
3703
3703
3705
3704
3704
3705
3705
3706
3705
3705
3705
3705
3705
3705
3705
3706
3707
3707
3708
3707
3708
3708
3708
3708
3707
3707
3706
3708
3709
3708
3708
3709
3709
3710
3711
3712
3713
3714
3713
3713
3713
3714
3716
3717
3718
3717
3717
3716
3716
3718
3718
3718
3719
3719
3719
3719
3720
3719
3719
3719
3721
3721
3720
3721
3721
3720
3721
3722
3723
3724
3724
3725
3727
3727
3729
3729
3729
3728
3729
3730
3731
3731
3733
3733
3733
3733
3733
3733
3733
3733
3733
3733
3734
3734
3734
3734
3735
3735
3735
3735
3736
3737
3737
3738
3739
3738
3740
3740
3741
3743
3745
3745
3745
3745
3745
3747
3748
3749
3750
3750
3750
3750
3750
3750
3749
3750
3751
3752
3754
3754
3755
3756
3757
3758
3759
3761
3760
3760
3762
3763
3764
3765
3766
3766
3765
3765
3767
3768
3768
3768
3769
3769
3769
3769
3768
3767
3767
3767
3767
3767
3767
3768
3768
3768
3767
3767
3766
3766
3766
3766
3767
3768
3769
3770
3772
3772
3773
3775
3776
3776
3776
3776
3778
3778
3779
3779
3781
3782
3783
3783
3783
3784
3784
3784
3784
3785
3786
3786
3786
3786
3787
3787
3788
3788
3788
3789
3790
3791
3791
3791
3792
3792
3792
3793
3793
3793
3794
3795
3796
3796
3796
3796
3798
3798
3798
3797
3797
3797
3797
3796
3796
3796
3797
3799
3800
3799
3801
3803
3803
3803
3804
3804
3804
3804
3805
3806
3806
3807
3806
3807
3808
3808
3808
3808
3809
3808
3809
3810
3811
3812
3812
3813
3812
3813
3813
3813
3813
3814
3815
3816
3815
3816
3816
3816
3817
3818
3819
3820
3820
3819
3821
3822
3823
3823
3825
3825
3825
3827
3826
3826
3827
3827
3826
3827
3827
3828
3829
3829
3829
3830
3831
3832
3832
3831
3830
3830
3831
3832
3832
3833
3834
3833
3834
3836
3837
3839
3840
3841
3842
3841
3842
3843
3843
3844
3846
3847
3847
3847
3847
3847
3848
3847
3847
3845
3845
3845
3845
3845
3845
3845
3845
3846
3846
3847
3847
3849
3850
3851
3852
3854
3855
3856
3857
3858
3857
3857
3857
3857
3858
3858
3858
3858
3858
3859
3859
3860
3861
3862
3863
3864
3866
3867
3868
3868
3868
3868
3868
3869
3870
3871
3870
3871
3871
3871
3871
3872
3872
3873
3873
3875
3876
3877
3877
3877
3878
3880
3880
3881
3880
3880
3881
3881
3882
3881
3881
3882
3882
3881
3881
3882
3883
3884
3882
3882
3882
3882
3883
3884
3884
3884
3885
3886
3888
3888
3889
3890
3889
3890
3889
3889
3888
3888
3888
3888
3888
3888
3887
3887
3887
3886
3886
3886
3886
3887
3887
3887
3885
3884
3885
3885
3886
3886
3887
3887
3888
3890
3891
3891
3892
3892
3893
3894
3894
3894
3895
3894
3895
3896
3896
3896
3897
3897
3898
3899
3900
3901
3901
3901
3900
3898
3899
3900
3901
3902
3903
3904
3905
3907
3907
3907
3907
3907
3909
3909
3909
3910
3909
3909
3910
3912
3913
3913
3913
3914
3914
3914
3916
3917
3917
3917
3917
3917
3917
3917
3918
3919
3918
3919
3920
3921
3923
3923
3924
3924
3923
3923
3923
3924
3925
3925
3925
3925
3925
3924
3924
3925
3924
3924
3925
3926
3928
3927
3928
3928
3927
3927
3927
3928
3928
3928
3930
3930
3932
3932
3931
3931
3931
3931
3930
3932
3933
3934
3934
3934
3934
3934
3933
3933
3935
3936
3936
3937
3936
3937
3936
3937
3938
3938
3937
3938
3938
3939
3940
3941
3941
3940
3941
3941
3942
3943
3944
3944
3945
3945
3946
3947
3947
3947
3946
3947
3946
3946
3946
3944
3945
3945
3945
3945
3946
3948
3949
3949
3949
3949
3949
3948
3948
3949
3950
3951
3952
3953
3954
3954
3953
3954
3956
3956
3956
3956
3956
3955
3956
3957
3958
3959
3959
3959
3959
3960
3959
3960
3961
3962
3963
3964
3964
3964
3964
3966
3967
3968
3969
3969
3970
3970
3971
3971
3973
3973
3974
3976
3976
3977
3977
3976
3975
3976
3976
3976
3976
3976
3977
3977
3977
3978
3979
3978
3976
3977
3977
3978
3980
3980
3981
3981
3981
3982
3982
3982
3983
3983
3982
3983
3984
3984
3985
3985
3986
3987
3988
3988
3988
3989
3990
3990
3990
3990
3989
3990
3990
3991
3992
3993
3993
3994
3995
3995
3995
3995
3996
3996
3998
3997
3997
3997
3999
3998
4000
4001
4001
4003
4004
4005
4005
4005
4007
4006
4006
4006
4007
4007
4008
4008
4009
4009
4010
4011
4011
4011
4011
4011
4011
4010
4010
4011
4011
4012
4012
4011
4012
4012
4013
4013
4014
4016
4017
4019
4018
4018
4018
4017
4018
4019
4019
4019
4019
4019
4019
4019
4020
4020
4020
4022
4022
4021
4022
4021
4021
4021
4021
4022
4022
4022
4022
4022
4022
4022
4022
4023
4024
4025
4026
4027
4027
4028
4028
4029
4030
4030
4031
4030
4031
4031
4032
4032
4032
4033
4032
4032
4033
4034
4034
4034
4035
4035
4035
4036
4037
4037
4037
4037
4037
4037
4037
4037
4036
4036
4038
4038
4040
4040
4041
4041
4041
4041
4041
4041
4040
4042
4041
4042
4042
4043
4044
4044
4045
4044
4044
4043
4044
4044
4046
4045
4046
4046
4045
4046
4047
4048
4049
4050
4051
4052
4052
4052
4053
4055
4056
4056
4056
4057
4058
4059
4059
4061
4062
4062
4063
4063
4064
4065
4065
4066
4066
4066
4067
4068
4068
4068
4068
4069
4069
4070
4069
4069
4069
4069
4070
4071
4072
4072
4073
4073
4073
4074
4074
4076
4076
4076
4076
4076
4076
4076
4076
4077
4078
4078
4078
4078
4078
4078
4079
4080
4081
4081
4082
4082
4083
4083
4085
4086
4086
4087
4086
4086
4087
4087
4086
4086
4087
4088
4088
4088
4087
4088
4088
4089
4089
4089
4091
4091
4091
4092
4092
4092
4093
4093
4093
4093
4093
4094
4093
4094
4094
4095
4096
4096
4097
4098
4097
4097
4098
4098
4098
4098
4098
4097
4096
4096
4097
4098
4099
4099
4100
4101
4102
4101
4102
4102
4103
4104
4105
4105
4105
4106
4107
4107
4107
4108
4108
4110
4111
4112
4111
4111
4112
4113
4115
4115
4115
4116
4116
4116
4117
4117
4117
4119
4119
4119
4120
4120
4121
4120
4121
4122
4123
4124
4124
4125
4125
4125
4126
4127
4127
4127
4129
4129
4128
4128
4129
4129
4130
4131
4132
4132
4133
4134
4133
4135
4135
4134
4133
4134
4133
4133
4132
4133
4133
4134
4135
4135
4137
4137
4138
4138
4139
4139
4140
4140
4142
4143
4142
4143
4144
4146
4146
4145
4145
4145
4145
4145
4145
4145
4145
4145
4145
4147
4148
4148
4149
4150
4150
4150
4149
4149
4149
4149
4149
4150
4152
4152
4153
4153
4152
4153
4152
4152
4152
4153
4154
4155
4154
4155
4155
4156
4157
4157
4158
4157
4157
4157
4156
4156
4157
4158
4159
4161
4161
4161
4162
4163
4163
4164
4164
4165
4165
4167
4167
4167
4167
4168
4168
4166
4166
4167
4167
4169
4170
4169
4169
4169
4169
4169
4168
4168
4168
4168
4169
4170
4171
4171
4171
4172
4170
4172
4172
4173
4174
4175
4175
4176
4176
4178
4177
4177
4177
4178
4178
4178
4179
4179
4180
4179
4179
4179
4179
4179
4179
4179
4179
4179
4179
4180
4180
4180
4180
4182
4182
4182
4182
4183
4184
4184
4184
4185
4186
4188
4189
4188
4188
4188
4188
4189
4188
4190
4191
4191
4192
4193
4193
4193
4193
4194
4194
4195
4196
4195
4195
4196
4196
4197
4199
4199
4200
4201
4201
4203
4203
4204
4206
4206
4205
4205
4206
4207
4208
4208
4209
4210
4210
4211
4211
4211
4211
4211
4210
4211
4211
4212
4213
4214
4214
4215
4215
4215
4216
4216
4218
4218
4219
4220
4221
4221
4222
4222
4222
4222
4222
4222
4224
4225
4226
4227
4228
4230
4230
4231
4231
4231
4231
4232
4231
4231
4231
4231
4232
4233
4234
4233
4234
4235
4235
4237
4238
4238
4238
4239
4240
4241
4242
4242
4242
4242
4243
4242
4242
4243
4243
4244
4245
4243
4243
4243
4245
4245
4247
4247
4249
4248
4249
4250
4250
4251
4252
4253
4254
4255
4255
4255
4257
4257
4256
4256
4256
4256
4256
4257
4257
4258
4258
4258
4258
4259
4260
4261
4261
4261
4262
4263
4264
4264
4264
4265
4266
4267
4269
4270
4270
4269
4270
4270
4269
4271
4271
4272
4272
4273
4274
4275
4276
4276
4275
4275
4275
4276
4276
4277
4277
4277
4278
4278
4278
4280
4280
4279
4281
4283
4284
4285
4287
4287
4288
4289
4289
4289
4289
4289
4289
4290
4290
4291
4291
4292
4292
4293
4291
4292
4291
4292
4292
4293
4294
4294
4294
4294
4294
4294
4294
4295
4294
4295
4295
4295
4295
4296
4296
4296
4298
4298
4298
4299
4300
4300
4301
4301
4302
4302
4304
4304
4305
4305
4306
4306
4307
4308
4308
4310
4311
4312
4314
4315
4316
4316
4317
4318
4318
4319
4319
4321
4321
4322
4322
4323
4324
4324
4324
4325
4326
4327
4327
4328
4329
4331
4331
4331
4331
4331
4331
4332
4333
4333
4335
4333
4333
4333
4334
4334
4334
4334
4335
4336
4335
4335
4336
4335
4335
4336
4335
4336
4336
4336
4337
4338
4338
4338
4337
4339
4339
4339
4339
4340
4341
4342
4340
4341
4342
4344
4344
4345
4346
4348
4349
4349
4350
4350
4351
4352
4353
4354
4354
4355
4355
4355
4355
4356
4356
4356
4356
4357
4357
4357
4357
4357
4357
4358
4359
4361
4362
4360
4361
4360
4360
4361
4363
4363
4364
4365
4366
4366
4366
4367
4367
4367
4367
4369
4371
4372
4373
4373
4373
4373
4373
4373
4373
4374
4375
4376
4376
4376
4376
4375
4375
4376
4376
4377
4379
4380
4380
4380
4380
4381
4382
4383
4383
4383
4384
4384
4385
4385
4385
4385
4385
4384
4384
4384
4384
4384
4385
4386
4387
4388
4390
4390
4391
4393
4394
4394
4395
4395
4396
4397
4396
4397
4396
4397
4397
4398
4398
4398
4399
4399
4399
4398
4398
4398
4398
4399
4401
4403
4404
4404
4405
4405
4405
4405
4405
4405
4405
4406
4404
4404
4405
4405
4405
4405
4405
4404
4403
4404
4403
4403
4403
4403
4403
4403
4403
4403
4404
4404
4404
4403
4403
4403
4403
4403
4403
4403
4404
4404
4405
4407
4407
4407
4408
4408
4407
4407
4408
4410
4411
4411
4411
4412
4413
4414
4415
4413
4414
4414
4414
4415
4416
4416
4416
4417
4418
4420
4420
4421
4421
4421
4421
4422
4424
4424
4426
4427
4428
4427
4428
4428
4428
4429
4430
4429
4430
4431
4431
4431
4432
4431
4432
4433
4433
4434
4435
4433
4434
4435
4435
4436
4436
4436
4437
4438
4439
4438
4439
4440
4440
4439
4439
4439
4440
4441
4441
4441
4441
4441
4442
4442
4443
4444
4443
4443
4444
4444
4444
4443
4442
4443
4442
4443
4443
4443
4444
4443
4443
4442
4442
4444
4444
4444
4446
4446
4446
4446
4446
4447
4447
4447
4447
4446
4447
4447
4448
4449
4449
4449
4451
4451
4450
4450
4450
4451
4452
4452
4453
4455
4457
4458
4459
4458
4459
4459
4459
4459
4459
4460
4461
4461
4461
4461
4462
4463
4463
4464
4465
4465
4464
4464
4465
4465
4464
4464
4465
4465
4465
4465
4465
4465
4466
4467
4468
4469
4469
4470
4470
4470
4470
4472
4472
4473
4473
4473
4475
4475
4474
4475
4476
4477
4477
4478
4477
4477
4477
4478
4478
4478
4478
4480
4482
4482
4483
4483
4484
4485
4486
4488
4490
4491
4493
4494
4495
4496
4495
4494
4494
4495
4496
4497
4497
4497
4496
4495
4496
4497
4498
4500
4502
4503
4503
4504
4504
4505
4506
4506
4507
4507
4507
4508
4508
4508
4509
4510
4510
4511
4512
4512
4512
4512
4514
4514
4514
4515
4516
4516
4516
4517
4517
4516
4516
4517
4518
4518
4519
4519
4519
4519
4520
4519
4519
4520
4520
4521
4522
4523
4522
4523
4524
4524
4524
4524
4524
4526
4526
4527
4527
4527
4528
4528
4528
4530
4531
4531
4530
4531
4532
4533
4534
4535
4535
4535
4537
4537
4537
4537
4537
4538
4539
4540
4541
4541
4541
4543
4544
4544
4544
4544
4544
4545
4545
4545
4547
4549
4550
4550
4551
4552
4552
4553
4554
4555
4557
4557
4558
4559
4560
4560
4560
4560
4561
4561
4562
4562
4563
4564
4563
4564
4564
4565
4566
4568
4569
4570
4569
4570
4570
4571
4572
4573
4573
4574
4575
4573
4573
4572
4573
4573
4572
4571
4572
4572
4572
4570
4571
4571
4572
4573
4574
4575
4575
4575
4576
4575
4577
4576
4577
4578
4579
4580
4581
4581
4581
4581
4583
4584
4585
4586
4586
4587
4588
4588
4589
4590
4590
4592
4593
4593
4594
4594
4593
4591
4592
4593
4593
4594
4596
4596
4596
4595
4595
4595
4595
4596
4597
4598
4599
4601
4602
4603
4604
4605
4606
4607
4606
4606
4606
4607
4608
4607
4607
4609
4610
4610
4610
4610
4610
4609
4609
4609
4608
4607
4608
4609
4608
4609
4609
4609
4609
4610
4610
4611
4611
4611
4610
4611
4611
4611
4612
4611
4612
4611
4613
4614
4615
4615
4616
4616
4617
4618
4620
4620
4620
4619
4618
4619
4619
4619
4620
4620
4621
4620
4621
4623
4623
4623
4623
4624
4623
4624
4624
4624
4622
4623
4623
4624
4623
4624
4624
4624
4626
4628
4626
4626
4627
4629
4629
4628
4628
4628
4629
4630
4632
4632
4634
4634
4635
4635
4636
4636
4637
4637
4638
4638
4640
4641
4641
4642
4642
4642
4643
4643
4644
4644
4645
4644
4646
4646
4644
4644
4644
4645
4646
4644
4644
4644
4645
4646
4646
4646
4647
4648
4648
4647
4648
4648
4648
4648
4648
4650
4651
4651
4652
4652
4651
4649
4650
4650
4650
4649
4650
4651
4653
4654
4654
4654
4655
4655
4655
4656
4658
4658
4658
4658
4658
4660
4660
4658
4659
4659
4660
4660
4659
4659
4660
4659
4659
4660
4660
4660
4660
4660
4659
4660
4660
4659
4659
4659
4659
4660
4661
4660
4661
4662
4662
4664
4663
4663
4663
4663
4663
4663
4663
4663
4663
4664
4663
4664
4664
4665
4665
4666
4666
4665
4667
4668
4669
4670
4671
4671
4671
4671
4671
4671
4671
4671
4671
4672
4672
4673
4674
4674
4674
4675
4676
4676
4675
4676
4676
4678
4680
4682
4682
4683
4681
4681
4682
4683
4685
4685
4686
4685
4686
4687
4688
4689
4688
4688
4688
4686
4686
4687
4687
4687
4688
4689
4689
4690
4690
4691
4691
4691
4690
4691
4692
4692
4691
4692
4693
4694
4695
4695
4696
4696
4696
4695
4695
4696
4697
4697
4698
4699
4700
4701
4703
4703
4705
4704
4706
4706
4706
4706
4707
4708
4708
4709
4710
4710
4712
4712
4712
4713
4714
4714
4715
4715
4715
4715
4714
4715
4715
4717
4716
4716
4716
4717
4717
4717
4718
4717
4717
4717
4718
4718
4719
4719
4720
4721
4719
4719
4719
4720
4721
4722
4723
4725
4726
4727
4729
4731
4732
4732
4732
4732
4733
4733
4734
4735
4737
4738
4738
4739
4740
4742
4742
4743
4743
4744
4745
4745
4745
4745
4745
4746
4747
4747
4747
4747
4749
4749
4750
4750
4749
4750
4751
4751
4753
4754
4754
4756
4756
4756
4758
4758
4759
4760
4760
4760
4759
4759
4760
4761
4761
4761
4761
4761
4761
4762
4762
4762
4764
4765
4766
4766
4767
4767
4767
4768
4769
4769
4770
4771
4771
4771
4772
4772
4772
4772
4773
4773
4774
4774
4774
4773
4773
4773
4774
4775
4775
4774
4774
4775
4775
4775
4775
4776
4776
4777
4777
4776
4776
4778
4778
4778
4779
4778
4778
4779
4779
4779
4779
4780
4779
4778
4778
4778
4780
4781
4783
4782
4782
4784
4785
4785
4786
4786
4787
4788
4788
4790
4791
4792
4793
4792
4793
4794
4796
4796
4796
4797
4798
4797
4798
4799
4799
4800
4800
4801
4802
4803
4802
4803
4804
4804
4805
4804
4805
4805
4806
4805
4805
4805
4804
4804
4806
4806
4808
4809
4809
4809
4810
4811
4812
4812
4812
4812
4812
4814
4813
4813
4813
4812
4813
4815
4816
4818
4817
4819
4819
4819
4819
4819
4820
4821
4821
4821
4822
4822
4820
4822
4823
4823
4824
4825
4825
4826
4826
4826
4826
4827
4827
4827
4827
4826
4827
4826
4827
4827
4827
4828
4827
4828
4828
4829
4829
4830
4830
4831
4832
4832
4832
4832
4834
4835
4836
4836
4836
4836
4836
4836
4836
4836
4834
4835
4835
4836
4835
4835
4836
4837
4837
4836
4836
4837
4839
4839
4839
4840
4841
4841
4842
4843
4844
4844
4843
4844
4843
4843
4844
4845
4846
4846
4844
4845
4846
4846
4847
4848
4849
4849
4850
4851
4852
4853
4853
4854
4854
4854
4854
4854
4855
4854
4854
4854
4855
4855
4857
4858
4859
4859
4860
4861
4862
4864
4865
4864
4865
4865
4865
4867
4869
4869
4869
4869
4869
4869
4871
4870
4870
4870
4871
4871
4872
4871
4872
4872
4872
4873
4872
4873
4873
4873
4872
4873
4873
4873
4873
4873
4874
4874
4874
4875
4875
4875
4876
4877
4876
4876
4876
4876
4877
4878
4879
4880
4880
4880
4880
4878
4878
4878
4878
4878
4877
4876
4876
4876
4876
4876
4876
4877
4878
4878
4879
4879
4881
4882
4882
4882
4882
4883
4883
4883
4884
4886
4888
4889
4889
4889
4889
4891
4891
4892
4893
4893
4895
4896
4897
4897
4897
4898
4897
4896
4897
4895
4896
4896
4895
4896
4897
4899
4900
4901
4903
4904
4904
4905
4904
4905
4906
4905
4906
4905
4906
4906
4906
4906
4906
4907
4907
4907
4908
4909
4909
4909
4910
4910
4909
4909
4909
4910
4910
4910
4910
4908
4908
4910
4909
4908
4909
4910
4911
4911
4912
4912
4912
4911
4912
4911
4911
4911
4912
4913
4913
4913
4914
4915
4916
4916
4916
4918
4917
4916
4916
4916
4916
4918
4918
4919
4919
4919
4919
4918
4919
4920
4921
4921
4922
4922
4922
4923
4923
4923
4925
4925
4927
4926
4926
4925
4924
4925
4925
4926
4926
4925
4925
4925
4925
4927
4927
4927
4928
4928
4929
4930
4930
4931
4931
4931
4932
4932
4932
4933
4934
4935
4936
4936
4936
4936
4936
4938
4938
4937
4937
4937
4938
4938
4937
4937
4938
4938
4938
4939
4940
4941
4941
4942
4942
4943
4943
4944
4945
4945
4946
4947
4948
4950
4950
4951
4951
4949
4949
4949
4949
4949
4949
4949
4949
4950
4951
4953
4954
4954
4955
4955
4954
4955
4955
4955
4955
4955
4956
4957
4957
4957
4956
4956
4957
4957
4956
4956
4957
4958
4956
4956
4954
4954
4954
4955
4956
4955
4957
4957
4957
4958
4958
4957
4958
4959
4959
4959
4959
4959
4960
4962
4962
4962
4964
4965
4967
4967
4968
4970
4971
4971
4972
4974
4975
4976
4976
4976
4976
4976
4975
4975
4973
4974
4974
4975
4974
4975
4976
4977
4978
4978
4979
4979
4979
4980
4980
4980
4979
4978
4980
4979
4980
4981
4981
4981
4982
4981
4981
4982
4983
4984
4984
4985
4985
4986
4988
4988
4986
4985
4985
4986
4986
4988
4988
4989
4988
4988
4988
4989
4989
4988
4989
4990
4991
4991
4992
4993
4992
4992
4992
4992
4991
4991
4990
4988
4988
4989
4990
4990
4991
4991
4992
4992
4993
4994
4995
4995
4995
4995
4996
4995
4995
4996
4996
4996
4996
4996
4997
4997
4997
4996
4996
4995
4995
4993
4993
4993
4993
4995
4995
4996
4996
4995
4996
4996
4996
4996
4997
4997
4998
4998
4998
4998
4999
4999
4999
5001
5002
5003
5004
5005
5005
5004
5004
5005
5006
5007
5007
5007
5007
5007
5006
5006
5006
5006
5007
5007
5008
5008
5008
5007
5009
5011
5012
5013
5014
5014
5015
5015
5015
5015
5016
5016
5018
5018
5019
5020
5022
5022
5020
5020
5021
5021
5021
5021
5021
5021
5021
5020
5021
5021
5022
5021
5021
5022
5022
5023
5023
5024
5024
5023
5024
5024
5025
5025
5026
5027
5027
5027
5028
5027
5027
5028
5029
5029
5029
5030
5030
5031
5031
5031
5031
5031
5033
5034
5034
5033
5033
5033
5033
5034
5034
5034
5034
5034
5035
5035
5037
5035
5036
5036
5036
5037
5038
5038
5039
5038
5038
5037
5038
5038
5038
5040
5039
5041
5042
5042
5042
5042
5043
5044
5045
5046
5046
5046
5046
5046
5046
5046
5047
5048
5049
5049
5050
5050
5051
5052
5051
5052
5053
5053
5053
5054
5054
5053
5054
5054
5056
5056
5055
5054
5054
5053
5053
5053
5054
5055
5056
5057
5056
5057
5058
5059
5059
5060
5060
5060
5061
5062
5061
5061
5061
5060
5061
5060
5061
5061
5062
5061
5061
5062
5063
5063
5062
5063
5063
5064
5065
5067
5068
5068
5068
5069
5071
5072
5074
5075
5075
5075
5077
5078
5078
5079
5080
5081
5081
5082
5083
5085
5087
5088
5089
5091
5092
5092
5094
5095
5094
5094
5094
5094
5094
5094
5095
5093
5093
5093
5093
5095
5096
5096
5098
5098
5097
5097
5098
5097
5098
5099
5099
5098
5098
5099
5100
5100
5101
5102
5102
5103
5104
5103
5104
5105
5103
5104
5104
5105
5106
5107
5108
5110
5110
5110
5109
5110
5112
5114
5115
5115
5116
5118
5118
5117
5117
5117
5117
5118
5118
5118
5118
5118
5118
5119
5120
5122
5122
5122
5122
5121
5120
5122
5123
5123
5123
5123
5124
5124
5125
5126
5127
5128
5128
5129
5130
5131
5132
5132
5133
5133
5134
5135
5135
5135
5136
5138
5139
5139
5140
5140
5141
5141
5141
5141
5141
5141
5141
5143
5142
5143
5142
5143
5141
5142
5143
5144
5144
5144
5144
5145
5146
5145
5146
5147
5148
5150
5151
5152
5152
5151
5152
5153
5153
5154
5154
5154
5154
5155
5155
5156
5157
5158
5160
5161
5161
5161
5161
5161
5161
5162
5162
5162
5162
5163
5164
5164
5165
5166
5167
5167
5169
5169
5170
5172
5172
5174
5175
5175
5175
5175
5176
5176
5175
5175
5176
5176
5177
5177
5179
5179
5181
5182
5180
5181
5181
5182
5182
5182
5183
5182
5182
5181
5181
5181
5180
5180
5180
5180
5181
5182
5182
5183
5184
5183
5185
5186
5187
5187
5188
5188
5188
5188
5186
5187
5188
5188
5190
5191
5191
5192
5192
5193
5195
5195
5197
5198
5198
5199
5199
5199
5201
5201
5201
5201
5201
5201
5201
5202
5202
5202
5203
5202
5203
5203
5202
5203
5204
5206
5205
5204
5204
5204
5204
5204
5204
5203
5204
5204
5204
5205
5206
5205
5205
5206
5207
5209
5209
5209
5210
5210
5209
5210
5210
5210
5210
5210
5211
5212
5214
5215
5214
5215
5215
5216
5217
5218
5217
5218
5218
5219
5218
5218
5218
5218
5217
5217
5218
5218
5219
5219
5220
5221
5222
5222
5223
5224
5224
5225
5226
5226
5227
5227
5227
5227
5228
5229
5229
5229
5228
5229
5230
5231
5230
5231
5231
5230
5231
5232
5232
5232
5231
5231
5231
5232
5231
5232
5232
5232
5234
5235
5235
5235
5235
5235
5235
5234
5234
5235
5235
5235
5234
5235
5236
5236
5238
5238
5238
5239
5239
5239
5239
5239
5240
5240
5239
5240
5240
5242
5243
5242
5243
5243
5244
5244
5244
5244
5246
5246
5246
5246
5246
5245
5246
5247
5247
5247
5247
5247
5248
5248
5248
5248
5248
5247
5248
5248
5249
5251
5251
5251
5251
5251
5251
5252
5252
5252
5251
5251
5251
5251
5252
5252
5253
5251
5252
5252
5252
5253
5254
5256
5255
5256
5257
5256
5255
5255
5257
5258
5258
5258
5258
5258
5258
5258
5259
5260
5260
5261
5262
5263
5263
5263
5263
5264
5265
5266
5268
5269
5270
5270
5270
5270
5270
5271
5272
5272
5273
5274
5275
5275
5275
5275
5275
5276
5277
5279
5279
5279
5281
5281
5282
5283
5284
5285
5285
5287
5287
5288
5288
5288
5288
5288
5290
5289
5290
5290
5289
5290
5291
5293
5295
5295
5296
5296
5296
5297
5297
5297
5297
5298
5299
5301
5299
5299
5299
5300
5299
5299
5300
5302
5303
5304
5304
5302
5301
5301
5301
5302
5303
5304
5304
5304
5304
5305
5305
5305
5307
5308
5308
5308
5308
5309
5310
5310
5309
5309
5309
5311
5313
5314
5315
5316
5316
5316
5316
5316
5316
5316
5316
5316
5316
5317
5317
5317
5318
5318
5318
5318
5318
5318
5318
5318
5318
5318
5319
5320
5321
5321
5321
5321
5322
5322
5323
5323
5324
5323
5322
5323
5324
5325
5326
5326
5328
5329
5329
5329
5329
5328
5328
5328
5328
5328
5328
5328
5328
5329
5329
5329
5328
5329
5328
5328
5330
5331
5332
5332
5331
5331
5332
5332
5333
5331
5333
5335
5335
5335
5336
5337
5338
5339
5340
5339
5339
5340
5340
5341
5341
5341
5342
5341
5342
5342
5342
5343
5344
5345
5345
5345
5346
5346
5346
5344
5343
5343
5343
5343
5343
5345
5345
5345
5347
5348
5349
5348
5348
5349
5349
5349
5349
5349
5349
5349
5349
5350
5351
5352
5352
5353
5354
5354
5353
5354
5355
5356
5356
5356
5357
5358
5358
5358
5358
5359
5361
5361
5362
5362
5362
5361
5363
5364
5366
5367
5367
5367
5368
5369
5368
5368
5368
5368
5368
5368
5368
5370
5371
5372
5374
5373
5374
5374
5375
5374
5375
5375
5375
5375
5376
5376
5376
5376
5377
5378
5379
5377
5377
5377
5378
5377
5378
5378
5378
5380
5381
5380
5380
5380
5380
5378
5380
5381
5381
5381
5382
5383
5383
5383
5384
5383
5383
5383
5384
5385
5385
5386
5386
5386
5388
5388
5386
5387
5387
5386
5387
5388
5390
5391
5391
5393
5394
5394
5393
5393
5393
5395
5396
5398
5398
5399
5398
5398
5398
5398
5399
5400
5402
5402
5402
5403
5403
5404
5403
5404
5405
5405
5406
5406
5407
5409
5410
5410
5409
5411
5412
5413
5412
5413
5413
5414
5414
5414
5415
5415
5416
5417
5418
5419
5421
5421
5421
5423
5425
5423
5422
5422
5421
5422
5422
5423
5424
5425
5426
5427
5428
5428
5428
5429
5431
5431
5431
5432
5432
5432
5432
5432
5432
5433
5433
5434
5433
5431
5433
5434
5435
5436
5435
5436
5436
5436
5438
5440
5441
5441
5443
5444
5445
5445
5446
5447
5448
5449
5449
5451
5452
5451
5453
5453
5453
5452
5453
5453
5453
5453
5454
5454
5455
5455
5455
5455
5455
5455
5456
5457
5457
5457
5457
5457
5457
5457
5457
5456
5456
5456
5456
5456
5457
5458
5459
5459
5460
5460
5460
5460
5460
5461
5463
5463
5463
5464
5464
5465
5465
5463
5462
5463
5463
5463
5463
5464
5464
5464
5464
5464
5464
5465
5466
5467
5469
5469
5470
5470
5470
5469
5469
5470
5470
5469
5469
5470
5472
5472
5473
5474
5473
5473
5473
5474
5473
5473
5473
5475
5475
5476
5476
5476
5478
5476
5476
5477
5478
5478
5479
5480
5478
5478
5479
5479
5480
5480
5480
5480
5480
5480
5480
5482
5482
5483
5483
5484
5484
5486
5485
5486
5487
5488
5488
5487
5488
5489
5490
5490
5491
5491
5492
5493
5493
5492
5492
5494
5495
5495
5495
5497
5495
5494
5495
5496
5496
5497
5497
5497
5498
5498
5499
5499
5499
5499
5497
5498
5497
5497
5497
5498
5498
5499
5500
5500
5500
5500
5501
5500
5501
5501
5500
5500
5501
5502
5502
5502
5502
5503
5504
5504
5505
5506
5505
5504
5504
5505
5506
5507
5508
5509
5510
5511
5512
5514
5515
5516
5517
5518
5517
5518
5519
5520
5519
5519
5520
5521
5521
5522
5522
5522
5523
5523
5524
5524
5524
5525
5526
5527
5527
5527
5527
5528
5529
5528
5527
5527
5528
5528
5529
5530
5531
5532
5533
5534
5534
5534
5535
5536
5538
5540
5540
5540
5540
5540
5541
5541
5541
5541
5541
5541
5542
5543
5543
5543
5542
5542
5541
5541
5541
5541
5542
5542
5542
5543
5543
5544
5543
5543
5544
5544
5545
5546
5547
5547
5548
5549
5549
5549
5550
5551
5552
5552
5553
5553
5554
5554
5553
5554
5556
5558
5559
5561
5562
5563
5562
5563
5563
5564
5565
5566
5566
5566
5566
5566
5566
5568
5570
5571
5570
5570
5571
5572
5572
5572
5572
5572
5572
5571
5571
5571
5572
5572
5572
5573
5573
5573
5574
5575
5576
5576
5577
5578
5578
5579
5579
5579
5579
5580
5579
5579
5580
5580
5580
5579
5580
5581
5581
5581
5581
5581
5581
5582
5583
5583
5583
5582
5582
5582
5582
5582
5582
5583
5584
5585
5586
5586
5586
5587
5588
5588
5589
5589
5588
5587
5587
5587
5587
5589
5588
5590
5591
5591
5593
5593
5594
5595
5596
5597
5598
5598
5599
5601
5603
5604
5604
5603
5602
5603
5605
5604
5604
5604
5604
5605
5607
5607
5605
5606
5606
5607
5608
5609
5610
5610
5611
5611
5612
5612
5613
5614
5614
5615
5616
5617
5618
5619
5620
5620
5619
5619
5619
5620
5621
5621
5621
5620
5620
5620
5620
5621
5621
5622
5622
5622
5623
5623
5624
5623
5624
5625
5624
5625
5624
5626
5627
5628
5627
5626
5627
5626
5626
5627
5627
5627
5627
5628
5629
5631
5631
5631
5631
5631
5631
5632
5632
5634
5635
5634
5634
5635
5635
5635
5636
5637
5638
5640
5641
5640
5640
5639
5640
5641
5640
5639
5637
5636
5635
5634
5634
5634
5634
5634
5632
5630
5631
5632
5633
5633
5633
5633
5634
5635
5636
5637
5637
5638
5640
5640
5640
5640
5641
5641
5641
5641
5643
5644
5645
5645
5646
5646
5648
5648
5648
5649
5650
5650
5650
5651
5651
5652
5652
5652
5652
5653
5652
5652
5652
5651
5651
5652
5653
5653
5652
5652
5652
5653
5653
5655
5656
5654
5654
5654
5655
5655
5655
5656
5657
5657
5656
5656
5656
5657
5655
5655
5655
5656
5656
5657
5657
5658
5659
5660
5661
5661
5662
5662
5663
5663
5664
5664
5664
5664
5664
5664
5665
5665
5666
5667
5669
5669
5668
5669
5669
5669
5670
5670
5671
5670
5670
5670
5670
5671
5671
5670
5670
5671
5671
5670
5670
5670
5670
5669
5669
5670
5669
5670
5671
5672
5673
5674
5674
5675
5676
5676
5678
5679
5677
5677
5677
5678
5679
5679
5679
5680
5681
5682
5683
5685
5685
5684
5684
5684
5685
5684
5685
5686
5687
5688
5688
5689
5690
5691
5693
5693
5694
5696
5697
5697
5695
5695
5695
5697
5697
5697
5698
5700
5701
5701
5702
5704
5704
5704
5704
5705
5705
5706
5706
5706
5707
5708
5709
5710
5710
5710
5710
5710
5710
5711
5711
5712
5713
5713
5713
5713
5713
5713
5714
5714
5715
5716
5716
5716
5717
5719
5720
5721
5721
5721
5721
5722
5722
5721
5722
5722
5722
5723
5723
5722
5722
5721
5722
5722
5723
5724
5723
5723
5725
5725
5725
5726
5727
5728
5728
5729
5730
5730
5730
5730
5730
5731
5732
5732
5732
5733
5733
5734
5734
5734
5733
5732
5733
5734
5734
5733
5734
5735
5735
5736
5735
5736
5736
5737
5738
5738
5738
5739
5739
5739
5739
5739
5739
5739
5740
5739
5739
5740
5740
5741
5741
5741
5742
5742
5743
5744
5745
5745
5744
5745
5745
5744
5744
5744
5745
5745
5744
5745
5746
5748
5749
5748
5748
5749
5749
5750
5751
5751
5752
5752
5752
5752
5753
5754
5754
5754
5754
5754
5754
5755
5756
5755
5755
5755
5756
5757
5759
5758
5758
5759
5759
5760
5760
5759
5757
5759
5760
5761
5762
5761
5762
5763
5764
5765
5766
5767
5766
5767
5767
5768
5769
5769
5768
5769
5770
5769
5769
5770
5771
5771
5771
5772
5773
5775
5775
5775
5776
5777
5777
5777
5777
5777
5777
5778
5779
5780
5781
5782
5784
5786
5787
5788
5790
5790
5790
5791
5791
5792
5792
5794
5794
5793
5793
5794
5793
5793
5793
5793
5794
5794
5794
5794
5795
5796
5796
5796
5797
5796
5797
5799
5800
5800
5800
5798
5798
5799
5799
5799
5800
5801
5802
5802
5802
5803
5803
5803
5802
5802
5803
5803
5804
5804
5802
5803
5803
5803
5804
5804
5804
5804
5805
5805
5805
5807
5807
5807
5808
5809
5809
5809
5808
5808
5807
5809
5809
5810
5811
5810
5810
5810
5809
5809
5809
5810
5809
5809
5809
5809
5809
5808
5808
5808
5808
5808
5808
5809
5809
5808
5809
5809
5809
5809
5809
5810
5811
5812
5812
5812
5813
5811
5811
5811
5811
5812
5812
5813
5813
5814
5814
5814
5815
5814
5813
5812
5813
5814
5816
5816
5817
5816
5816
5816
5816
5817
5818
5817
5817
5816
5816
5817
5816
5816
5817
5817
5818
5818
5817
5817
5818
5818
5818
5818
5818
5819
5819
5821
5821
5822
5823
5821
5821
5822
5823
5824
5825
5826
5826
5825
5827
5829
5830
5830
5830
5830
5830
5831
5833
5833
5833
5834
5834
5835
5835
5835
5835
5836
5838
5838
5837
5839
5840
5840
5840
5840
5840
5840
5841
5842
5842
5842
5842
5843
5843
5844
5845
5845
5845
5846
5846
5846
5846
5846
5846
5845
5845
5846
5847
5848
5848
5848
5848
5848
5849
5849
5849
5851
5852
5852
5852
5852
5851
5852
5852
5853
5853
5853
5853
5853
5853
5853
5853
5853
5854
5853
5853
5854
5855
5855
5855
5855
5855
5857
5858
5859
5860
5859
5858
5858
5859
5859
5859
5860
5861
5862
5862
5862
5862
5862
5862
5863
5864
5865
5865
5866
5867
5868
5869
5868
5868
5868
5869
5869
5870
5871
5871
5873
5874
5874
5875
5877
5876
5877
5877
5878
5879
5879
5879
5881
5882
5883
5883
5884
5885
5886
5887
5888
5888
5888
5890
5890
5891
5892
5892
5891
5892
5893
5894
5894
5895
5896
5896
5896
5896
5895
5896
5896
5896
5896
5896
5897
5897
5896
5896
5897
5899
5900
5901
5902
5902
5903
5903
5904
5904
5904
5905
5907
5907
5908
5909
5908
5908
5907
5908
5909
5910
5910
5910
5911
5911
5911
5911
5911
5911
5911
5912
5912
5912
5914
5915
5915
5915
5915
5915
5916
5917
5918
5918
5918
5918
5917
5918
5919
5920
5921
5922
5923
5924
5924
5924
5925
5925
5926
5927
5928
5928
5927
5927
5926
5927
5927
5929
5930
5931
5932
5933
5932
5932
5931
5932
5931
5932
5933
5934
5936
5938
5938
5939
5940
5941
5942
5943
5944
5944
5945
5945
5946
5946
5945
5945
5945
5945
5947
5947
5948
5949
5949
5950
5950
5950
5950
5951
5952
5952
5952
5952
5952
5952
5952
5952
5951
5951
5952
5953
5954
5954
5955
5956
5956
5957
5956
5955
5955
5955
5956
5956
5956
5956
5956
5958
5958
5959
5959
5960
5961
5961
5963
5963
5964
5966
5967
5967
5966
5967
5967
5967
5968
5969
5971
5971
5971
5972
5972
5972
5972
5972
5972
5973
5973
5973
5973
5973
5974
5975
5974
5975
5975
5975
5974
5974
5975
5976
5976
5977
5978
5977
5977
5976
5977
5977
5977
5978
5978
5979
5980
5981
5981
5982
5983
5983
5985
5986
5987
5988
5989
5989
5989
5990
5990
5990
5990
5990
5990
5992
5992
5991
5991
5992
5993
5993
5993
5994
5993
5993
5993
5994
5995
5996
5998
5998
5998
5996
5997
5998
5998
5999
5999
5999
5999
6000
6000
5999
5997
5998
5997
5997
5996
5997
5997
5998
5998
5999
6000
6001
6001
6002
6001
6001
6002
6004
6004
6005
6006
6005
6005
6006
6007
6007
6007
6007
6007
